#
# A fatal error has been detected by the Java Runtime Environment:
#
#  EXCEPTION_ACCESS_VIOLATION (0xc0000005) at pc=0x00007ffde9c2a925, pid=6012, tid=7928
#
# JRE version: OpenJDK Runtime Environment (11.0.15) (build 11.0.15+0-b2043.56-9505619)
# Java VM: OpenJDK 64-Bit Server VM (11.0.15+0-b2043.56-9505619, mixed mode, tiered, compressed oops, g1 gc, windows-amd64)
# Problematic frame:
# V  [jvm.dll+0xa925]
#
# No core dump will be written. Minidumps are not enabled by default on client versions of Windows
#
# If you would like to submit a bug report, please visit:
#   https://bugreport.java.com/bugreport/crash.jsp
#

---------------  S U M M A R Y ------------

Command Line: --add-opens=java.base/java.util=ALL-UNNAMED --add-opens=java.base/java.lang=ALL-UNNAMED --add-opens=java.base/java.lang.invoke=ALL-UNNAMED --add-opens=java.base/java.util=ALL-UNNAMED --add-opens=java.prefs/java.util.prefs=ALL-UNNAMED --add-opens=java.prefs/java.util.prefs=ALL-UNNAMED --add-opens=java.base/java.nio.charset=ALL-UNNAMED --add-opens=java.base/java.net=ALL-UNNAMED --add-opens=java.base/java.util.concurrent.atomic=ALL-UNNAMED -Xmx2048m -Dfile.encoding=UTF-8 -Duser.country=US -Duser.language=en -Duser.variant org.gradle.launcher.daemon.bootstrap.GradleDaemon 7.5

Host: AMD Ryzen 5 3550H with Radeon Vega Mobile Gfx  , 8 cores, 7G,  Windows 10 , 64 bit Build 19041 (10.0.19041.2546)
Time: Sat Apr  1 07:29:42 2023 SE Asia Standard Time elapsed time: 49.920352 seconds (0d 0h 0m 49s)

---------------  T H R E A D  ---------------

Current thread (0x000001a3d63cd000):  JavaThread "C2 CompilerThread0" daemon [_thread_in_vm, id=7928, stack(0x0000001828200000,0x0000001828300000)]


Current CompileTask:
C2:  49920 13606       4       sun.invoke.util.VerifyAccess::isClassAccessible (182 bytes)

Stack: [0x0000001828200000,0x0000001828300000],  sp=0x00000018282fc448,  free space=1009k
Native frames: (J=compiled Java code, j=interpreted, Vv=VM code, C=native code)
V  [jvm.dll+0xa925]


siginfo: EXCEPTION_ACCESS_VIOLATION (0xc0000005), writing address 0x000001a3df4bf000


Register to memory mapping:

RIP=0x00007ffde9c2a925 jvm.dll
RAX={method} {0x000001a3d69a7ff8} 'getModule' '()Ljava/lang/String;' in 'jdk/internal/jimage/ImageLocation'
RBX=0x000001a3df3ebfb0 points into unknown readable memory: 0x00007ffdea4db4b8 | b8 b4 4d ea fd 7f 00 00
RCX=0xfffffffff74e8350 is an unknown value
RDX=0x000001a3df4bf000 is an unknown value
RSP=0x00000018282fc448 is pointing into the stack for thread: 0x000001a3d63cd000
RBP=0x00000000000001a0 is an unknown value
RSI=0x000001a3d68d4288 is pointing into metadata
RDI=0x00000018282ff2c8 is pointing into the stack for thread: 0x000001a3d63cd000
R8 =0x0000000000891f1b is an unknown value
R9 =0x000001a3df3ec070 points into unknown readable memory: 0x6337a48308f617fd | fd 17 f6 08 83 a4 37 63
R10=0x000001a3d63c73e0 points into unknown readable memory: 0x0000001e00000002 | 02 00 00 00 1e 00 00 00
R11={method} {0x000001a3d65abd88} 'copyOfRange' '([BII)[B' in 'java/util/Arrays'
R12=0x0000000000000010 is an unknown value
R13=0x0000000000000008 is an unknown value
R14=0x0000000000000198 is an unknown value
R15=0x000001a3d63b9f60 points into unknown readable memory: 0x0000000000000000 | 00 00 00 00 00 00 00 00


Registers:
RAX=0x000001a3d69a7ff0, RBX=0x000001a3df3ebfb0, RCX=0xfffffffff74e8350, RDX=0x000001a3df4bf000
RSP=0x00000018282fc448, RBP=0x00000000000001a0, RSI=0x000001a3d68d4288, RDI=0x00000018282ff2c8
R8 =0x0000000000891f1b, R9 =0x000001a3df3ec070, R10=0x000001a3d63c73e0, R11=0x000001a3d65abd80
R12=0x0000000000000010, R13=0x0000000000000008, R14=0x0000000000000198, R15=0x000001a3d63b9f60
RIP=0x00007ffde9c2a925, EFLAGS=0x0000000000010206

Top of Stack: (sp=0x00000018282fc448)
0x00000018282fc448:   00007ffde9dea432 000001a3d65abd80
0x00000018282fc458:   000001a3d63cd000 0000000000000000
0x00000018282fc468:   00007ffde9dedf87 0000000000000000
0x00000018282fc478:   0000000000000008 00000000fffffffc
0x00000018282fc488:   0000000000000000 000001a3d63b9f60
0x00000018282fc498:   0000000000000010 000001a3df3ea930
0x00000018282fc4a8:   00007ffde9de74a1 0000000000000008
0x00000018282fc4b8:   000001a3df3ea930 000001a3d63cd000
0x00000018282fc4c8:   00007ffde9f724ba 000001a3d65abd80
0x00000018282fc4d8:   000001a3d63cd000 000001a3df3ea930
0x00000018282fc4e8:   000001a3df769690 000001a3df3ea930
0x00000018282fc4f8:   00007ffdea273c1b 000001a3d63cd000
0x00000018282fc508:   000001a3d65abd80 0000000000000000
0x00000018282fc518:   00000018282fc5a0 0000000000000000
0x00000018282fc528:   00007ffdea3c3a03 000001a3d7888e20
0x00000018282fc538:   00007ffde9dc0245 0000000000000000 

Instructions: (pc=0x00007ffde9c2a925)
0x00007ffde9c2a825:   f8 08 77 53 48 8d 15 d0 57 ff ff 42 8b 84 82 90
0x00007ffde9c2a835:   a8 00 00 48 03 c2 ff e0 48 8b 41 38 49 89 41 38
0x00007ffde9c2a845:   48 8b 41 30 49 89 41 30 48 8b 41 28 49 89 41 28
0x00007ffde9c2a855:   48 8b 41 20 49 89 41 20 48 8b 41 18 49 89 41 18
0x00007ffde9c2a865:   48 8b 41 10 49 89 41 10 48 8b 41 08 49 89 41 08
0x00007ffde9c2a875:   48 8b 01 49 89 01 c3 48 8b d1 4e 8d 04 c5 00 00
0x00007ffde9c2a885:   00 00 49 8b c9 e9 f7 bd 7f 00 c3 8f a8 00 00 75
0x00007ffde9c2a895:   a8 00 00 6d a8 00 00 65 a8 00 00 5d a8 00 00 55
0x00007ffde9c2a8a5:   a8 00 00 4d a8 00 00 45 a8 00 00 3d a8 00 00 cc
0x00007ffde9c2a8b5:   cc cc cc cc cc cc cc cc cc cc cc 49 83 f8 08 77
0x00007ffde9c2a8c5:   53 4c 8d 0d 33 57 ff ff 43 8b 84 81 34 a9 00 00
0x00007ffde9c2a8d5:   49 03 c1 ff e0 48 8b 41 38 48 89 42 38 48 8b 41
0x00007ffde9c2a8e5:   30 48 89 42 30 48 8b 41 28 48 89 42 28 48 8b 41
0x00007ffde9c2a8f5:   20 48 89 42 20 48 8b 41 18 48 89 42 18 48 8b 41
0x00007ffde9c2a905:   10 48 89 42 10 48 8b 41 08 48 89 42 08 48 8b 01
0x00007ffde9c2a915:   48 89 02 c3 4d 85 c0 74 14 48 2b ca 48 8b 04 11
0x00007ffde9c2a925:   48 89 02 48 8d 52 08 49 83 e8 01 75 ef c3 90 32
0x00007ffde9c2a935:   a9 00 00 12 a9 00 00 0a a9 00 00 02 a9 00 00 fa
0x00007ffde9c2a945:   a8 00 00 f2 a8 00 00 ea a8 00 00 e2 a8 00 00 da
0x00007ffde9c2a955:   a8 00 00 cc cc cc cc cc cc cc cc 48 8b c1 c3 cc
0x00007ffde9c2a965:   cc cc cc cc cc cc cc cc cc cc cc 80 3d 2a c6 ad
0x00007ffde9c2a975:   00 00 74 14 8b 41 08 8b 0d d6 0d a9 00 48 d3 e0
0x00007ffde9c2a985:   48 03 05 c4 0d a9 00 c3 48 8b 41 08 c3 cc cc cc
0x00007ffde9c2a995:   cc cc cc cc cc cc cc cc cc cc cc 48 8b 05 a9 0d
0x00007ffde9c2a9a5:   a9 00 c3 cc cc cc cc cc cc cc cc 8b 05 a2 0d a9
0x00007ffde9c2a9b5:   00 c3 cc cc cc cc cc cc cc cc cc 48 89 5c 24 08
0x00007ffde9c2a9c5:   57 48 83 ec 20 48 8b fa 48 8b d9 48 8b cf 49 8b
0x00007ffde9c2a9d5:   d0 48 0f ba f3 12 e8 a0 82 39 00 84 c0 75 16 ba
0x00007ffde9c2a9e5:   00 80 00 00 48 0b da 48 8b c3 48 8b 5c 24 30 48
0x00007ffde9c2a9f5:   83 c4 20 5f c3 80 3d a0 c5 ad 00 00 74 15 8b 47
0x00007ffde9c2aa05:   08 8b 0d 4c 0d a9 00 48 d3 e0 48 03 05 3a 0d a9
0x00007ffde9c2aa15:   00 eb 04 48 8b 47 08 80 b8 8b 01 00 00 05 ba 00 


Stack slot to memory mapping:
stack at sp + 0 slots: 0x00007ffde9dea432 jvm.dll
stack at sp + 1 slots: {method} {0x000001a3d65abd88} 'copyOfRange' '([BII)[B' in 'java/util/Arrays'
stack at sp + 2 slots: 0x000001a3d63cd000 is a thread
stack at sp + 3 slots: 0x0 is NULL
stack at sp + 4 slots: 0x00007ffde9dedf87 jvm.dll
stack at sp + 5 slots: 0x0 is NULL
stack at sp + 6 slots: 0x0000000000000008 is an unknown value
stack at sp + 7 slots: 
[error occurred during error reporting (inspecting top of stack), id 0xc0000005, EXCEPTION_ACCESS_VIOLATION (0xc0000005) at pc=0x00007ffde9f1fe96]


---------------  P R O C E S S  ---------------

Threads class SMR info:
_java_thread_list=0x000001a3d7a2d0a0, length=152, elements={
0x000001a3bbf08800, 0x000001a3d63a8800, 0x000001a3d63b3800, 0x000001a3d63c6800,
0x000001a3d63c8000, 0x000001a3d63ca000, 0x000001a3d63cd000, 0x000001a3d63ce000,
0x000001a3d63e1800, 0x000001a3d6e7e000, 0x000001a3d84b0800, 0x000001a3d7e8e800,
0x000001a3d9c17800, 0x000001a3d9c18000, 0x000001a3d7bda800, 0x000001a3d8190000,
0x000001a3d6f7d800, 0x000001a3d8f7d800, 0x000001a3d9226000, 0x000001a3da21e800,
0x000001a3d85da000, 0x000001a3d85dd800, 0x000001a3d85d8000, 0x000001a3d85db000,
0x000001a3d85de800, 0x000001a3d85d9800, 0x000001a3d85dc000, 0x000001a3d85dc800,
0x000001a3d85d8800, 0x000001a3da15a000, 0x000001a3da15b800, 0x000001a3da15b000,
0x000001a3da15c800, 0x000001a3da157800, 0x000001a3da158800, 0x000001a3da457000,
0x000001a3da456000, 0x000001a3da458800, 0x000001a3da45b000, 0x000001a3da457800,
0x000001a3da459800, 0x000001a3da45a000, 0x000001a3da455800, 0x000001a3da460800,
0x000001a3da45d800, 0x000001a3da45f000, 0x000001a3da45c800, 0x000001a3da461800,
0x000001a3da45e800, 0x000001a3da460000, 0x000001a3da45c000, 0x000001a3da464000,
0x000001a3da462800, 0x000001a3da463000, 0x000001a3da5df800, 0x000001a3da5df000,
0x000001a3da5da800, 0x000001a3da5de000, 0x000001a3da5dd000, 0x000001a3da5da000,
0x000001a3da5e0800, 0x000001a3da5dc800, 0x000001a3da5db800, 0x000001a3da5e1000,
0x000001a3da5e2000, 0x000001a3da5e6000, 0x000001a3da5e7000, 0x000001a3da5e3800,
0x000001a3da5e4800, 0x000001a3da5e7800, 0x000001a3da5e5800, 0x000001a3da5e8800,
0x000001a3da5e3000, 0x000001a3da751000, 0x000001a3da752800, 0x000001a3da750000,
0x000001a3da751800, 0x000001a3da753800, 0x000001a3da754000, 0x000001a3da755000,
0x000001a3da74f800, 0x000001a3da75a800, 0x000001a3da75b800, 0x000001a3da756000,
0x000001a3da759000, 0x000001a3da75c800, 0x000001a3da756800, 0x000001a3da75d000,
0x000001a3da757800, 0x000001a3da75e000, 0x000001a3da758800, 0x000001a3da75a000,
0x000001a3da6d2000, 0x000001a3da6ce000, 0x000001a3da6d4800, 0x000001a3da6cf000,
0x000001a3da6d0800, 0x000001a3da6d0000, 0x000001a3da6d3000, 0x000001a3da6d4000,
0x000001a3da6d7000, 0x000001a3da6d1800, 0x000001a3da6d8000, 0x000001a3da6d5800,
0x000001a3da6d9800, 0x000001a3da6db000, 0x000001a3da6d9000, 0x000001a3da6da800,
0x000001a3da6dc000, 0x000001a3da6d6800, 0x000001a3da6dd000, 0x000001a3dac03800,
0x000001a3dac08800, 0x000001a3dac03000, 0x000001a3dac09800, 0x000001a3dac08000,
0x000001a3dac04800, 0x000001a3dac0b000, 0x000001a3dac0a000, 0x000001a3dac05800,
0x000001a3dac0c000, 0x000001a3dac06000, 0x000001a3dac0c800, 0x000001a3dac07000,
0x000001a3dac0f000, 0x000001a3dac11000, 0x000001a3dac10000, 0x000001a3dac0e800,
0x000001a3dac11800, 0x000001a3dac0d800, 0x000001a3d7ef4000, 0x000001a3d7ef5000,
0x000001a3d7ef5800, 0x000001a3d7ef6800, 0x000001a3d7ef3000, 0x000001a3d7ef7000,
0x000001a3d7ef8000, 0x000001a3d7ef9000, 0x000001a3d7ef9800, 0x000001a3d7efb800,
0x000001a3d7efc000, 0x000001a3d7efd000, 0x000001a3d7efe000, 0x000001a3d7efe800,
0x000001a3d7eff800, 0x000001a3d7f00000, 0x000001a3d7efa800, 0x000001a3d7f02000,
0x000001a3de31f000, 0x000001a3de31b000, 0x000001a3de31e000, 0x000001a3de31b800
}

Java Threads: ( => current thread )
  0x000001a3bbf08800 JavaThread "main" [_thread_blocked, id=4564, stack(0x0000001827600000,0x0000001827700000)]
  0x000001a3d63a8800 JavaThread "Reference Handler" daemon [_thread_blocked, id=6524, stack(0x0000001827d00000,0x0000001827e00000)]
  0x000001a3d63b3800 JavaThread "Finalizer" daemon [_thread_blocked, id=5988, stack(0x0000001827e00000,0x0000001827f00000)]
  0x000001a3d63c6800 JavaThread "Signal Dispatcher" daemon [_thread_blocked, id=7848, stack(0x0000001827f00000,0x0000001828000000)]
  0x000001a3d63c8000 JavaThread "Attach Listener" daemon [_thread_blocked, id=6100, stack(0x0000001828000000,0x0000001828100000)]
  0x000001a3d63ca000 JavaThread "Service Thread" daemon [_thread_blocked, id=10932, stack(0x0000001828100000,0x0000001828200000)]
=>0x000001a3d63cd000 JavaThread "C2 CompilerThread0" daemon [_thread_in_vm, id=7928, stack(0x0000001828200000,0x0000001828300000)]
  0x000001a3d63ce000 JavaThread "C1 CompilerThread0" daemon [_thread_blocked, id=9488, stack(0x0000001828300000,0x0000001828400000)]
  0x000001a3d63e1800 JavaThread "Sweeper thread" daemon [_thread_blocked, id=1564, stack(0x0000001828400000,0x0000001828500000)]
  0x000001a3d6e7e000 JavaThread "Common-Cleaner" daemon [_thread_blocked, id=8984, stack(0x0000001828500000,0x0000001828600000)]
  0x000001a3d84b0800 JavaThread "Daemon health stats" [_thread_blocked, id=10372, stack(0x0000001828800000,0x0000001828900000)]
  0x000001a3d7e8e800 JavaThread "Incoming local TCP Connector on port 59444" [_thread_in_native, id=2428, stack(0x0000001828900000,0x0000001828a00000)]
  0x000001a3d9c17800 JavaThread "Daemon periodic checks" [_thread_blocked, id=8000, stack(0x0000001828a00000,0x0000001828b00000)]
  0x000001a3d9c18000 JavaThread "Daemon" [_thread_blocked, id=7780, stack(0x0000001828b00000,0x0000001828c00000)]
  0x000001a3d7bda800 JavaThread "Handler for socket connection from /127.0.0.1:59444 to /127.0.0.1:59445" [_thread_in_native, id=14200, stack(0x0000001828c00000,0x0000001828d00000)]
  0x000001a3d8190000 JavaThread "Cancel handler" [_thread_blocked, id=2692, stack(0x0000001828d00000,0x0000001828e00000)]
  0x000001a3d6f7d800 JavaThread "Daemon worker" [_thread_blocked, id=7500, stack(0x0000001828e00000,0x0000001828f00000)]
  0x000001a3d8f7d800 JavaThread "Asynchronous log dispatcher for DefaultDaemonConnection: socket connection from /127.0.0.1:59444 to /127.0.0.1:59445" [_thread_blocked, id=9580, stack(0x0000001828f00000,0x0000001829000000)]
  0x000001a3d9226000 JavaThread "Stdin handler" [_thread_blocked, id=13924, stack(0x0000001829000000,0x0000001829100000)]
  0x000001a3da21e800 JavaThread "Daemon client event forwarder" [_thread_blocked, id=8276, stack(0x0000001829100000,0x0000001829200000)]
  0x000001a3d85da000 JavaThread "Cache worker for journal cache (C:\Users\asus\.gradle\caches\journal-1)" [_thread_blocked, id=2924, stack(0x0000001829900000,0x0000001829a00000)]
  0x000001a3d85dd800 JavaThread "File lock request listener" [_thread_in_native, id=7584, stack(0x0000001829a00000,0x0000001829b00000)]
  0x000001a3d85d8000 JavaThread "Cache worker for file hash cache (C:\Users\asus\.gradle\caches\7.5\fileHashes)" [_thread_blocked, id=10148, stack(0x0000001829b00000,0x0000001829c00000)]
  0x000001a3d85db000 JavaThread "File watcher server" daemon [_thread_in_native, id=12240, stack(0x0000001829d00000,0x0000001829e00000)]
  0x000001a3d85de800 JavaThread "File watcher consumer" daemon [_thread_blocked, id=4320, stack(0x0000001829e00000,0x0000001829f00000)]
  0x000001a3d85d9800 JavaThread "Cache worker for checksums cache (D:\User\vocongbinh\projectUIT\MovieTicketApp\MovieTicketApp\.gradle\7.5\checksums)" [_thread_blocked, id=10368, stack(0x0000001829f00000,0x000000182a000000)]
  0x000001a3d85dc000 JavaThread "Cache worker for cache directory md-rule (C:\Users\asus\.gradle\caches\7.5\md-rule)" [_thread_blocked, id=5768, stack(0x000000182a000000,0x000000182a100000)]
  0x000001a3d85dc800 JavaThread "Cache worker for file content cache (C:\Users\asus\.gradle\caches\7.5\fileContent)" [_thread_blocked, id=10948, stack(0x000000182a100000,0x000000182a200000)]
  0x000001a3d85d8800 JavaThread "Cache worker for file hash cache (D:\User\vocongbinh\projectUIT\MovieTicketApp\MovieTicketApp\.gradle\7.5\fileHashes)" [_thread_blocked, id=1416, stack(0x000000182a200000,0x000000182a300000)]
  0x000001a3da15a000 JavaThread "Cache worker for cache directory md-supplier (C:\Users\asus\.gradle\caches\7.5\md-supplier)" [_thread_blocked, id=4728, stack(0x000000182a300000,0x000000182a400000)]
  0x000001a3da15b800 JavaThread "Cache worker for execution history cache (C:\Users\asus\.gradle\caches\7.5\executionHistory)" [_thread_blocked, id=10960, stack(0x000000182a400000,0x000000182a500000)]
  0x000001a3da15b000 JavaThread "jar transforms" [_thread_blocked, id=1940, stack(0x000000182a500000,0x000000182a600000)]
  0x000001a3da15c800 JavaThread "jar transforms Thread 2" [_thread_blocked, id=6852, stack(0x000000182a600000,0x000000182a700000)]
  0x000001a3da157800 JavaThread "jar transforms Thread 3" [_thread_blocked, id=5928, stack(0x000000182a700000,0x000000182a800000)]
  0x000001a3da158800 JavaThread "jar transforms Thread 4" [_thread_blocked, id=2088, stack(0x000000182a800000,0x000000182a900000)]
  0x000001a3da457000 JavaThread "Cache worker for dependencies-accessors (D:\User\vocongbinh\projectUIT\MovieTicketApp\MovieTicketApp\.gradle\7.5\dependencies-accessors)" [_thread_blocked, id=8928, stack(0x000000182a900000,0x000000182aa00000)]
  0x000001a3da456000 JavaThread "jar transforms Thread 5" [_thread_blocked, id=3940, stack(0x000000182aa00000,0x000000182ab00000)]
  0x000001a3da458800 JavaThread "Cache worker for Build Output Cleanup Cache (D:\User\vocongbinh\projectUIT\MovieTicketApp\MovieTicketApp\.gradle\buildOutputCleanup)" [_thread_blocked, id=10804, stack(0x000000182ab00000,0x000000182ac00000)]
  0x000001a3da45b000 JavaThread "Unconstrained build operations" [_thread_blocked, id=3800, stack(0x000000182ac00000,0x000000182ad00000)]
  0x000001a3da457800 JavaThread "Unconstrained build operations Thread 2" [_thread_blocked, id=4640, stack(0x000000182ad00000,0x000000182ae00000)]
  0x000001a3da459800 JavaThread "Unconstrained build operations Thread 3" [_thread_blocked, id=6452, stack(0x000000182ae00000,0x000000182af00000)]
  0x000001a3da45a000 JavaThread "Unconstrained build operations Thread 4" [_thread_blocked, id=5092, stack(0x000000182af00000,0x000000182b000000)]
  0x000001a3da455800 JavaThread "Unconstrained build operations Thread 5" [_thread_blocked, id=1860, stack(0x000000182b000000,0x000000182b100000)]
  0x000001a3da460800 JavaThread "Unconstrained build operations Thread 6" [_thread_blocked, id=11480, stack(0x000000182b100000,0x000000182b200000)]
  0x000001a3da45d800 JavaThread "Unconstrained build operations Thread 7" [_thread_blocked, id=8272, stack(0x000000182b200000,0x000000182b300000)]
  0x000001a3da45f000 JavaThread "Unconstrained build operations Thread 8" [_thread_blocked, id=12528, stack(0x000000182b300000,0x000000182b400000)]
  0x000001a3da45c800 JavaThread "Unconstrained build operations Thread 9" [_thread_blocked, id=3156, stack(0x000000182b400000,0x000000182b500000)]
  0x000001a3da461800 JavaThread "Unconstrained build operations Thread 10" [_thread_blocked, id=7220, stack(0x000000182b500000,0x000000182b600000)]
  0x000001a3da45e800 JavaThread "Unconstrained build operations Thread 11" [_thread_blocked, id=1788, stack(0x000000182b600000,0x000000182b700000)]
  0x000001a3da460000 JavaThread "Unconstrained build operations Thread 12" [_thread_blocked, id=11352, stack(0x000000182b700000,0x000000182b800000)]
  0x000001a3da45c000 JavaThread "Unconstrained build operations Thread 13" [_thread_blocked, id=5284, stack(0x000000182b800000,0x000000182b900000)]
  0x000001a3da464000 JavaThread "Unconstrained build operations Thread 14" [_thread_blocked, id=4820, stack(0x000000182b900000,0x000000182ba00000)]
  0x000001a3da462800 JavaThread "Unconstrained build operations Thread 15" [_thread_blocked, id=4920, stack(0x000000182ba00000,0x000000182bb00000)]
  0x000001a3da463000 JavaThread "Unconstrained build operations Thread 16" [_thread_blocked, id=1964, stack(0x000000182bb00000,0x000000182bc00000)]
  0x000001a3da5df800 JavaThread "Unconstrained build operations Thread 17" [_thread_blocked, id=3468, stack(0x000000182bc00000,0x000000182bd00000)]
  0x000001a3da5df000 JavaThread "Unconstrained build operations Thread 18" [_thread_blocked, id=5032, stack(0x000000182bd00000,0x000000182be00000)]
  0x000001a3da5da800 JavaThread "Unconstrained build operations Thread 19" [_thread_blocked, id=9492, stack(0x000000182be00000,0x000000182bf00000)]
  0x000001a3da5de000 JavaThread "Unconstrained build operations Thread 20" [_thread_blocked, id=10896, stack(0x000000182bf00000,0x000000182c000000)]
  0x000001a3da5dd000 JavaThread "Unconstrained build operations Thread 21" [_thread_blocked, id=10620, stack(0x000000182c000000,0x000000182c100000)]
  0x000001a3da5da000 JavaThread "Unconstrained build operations Thread 22" [_thread_blocked, id=11484, stack(0x000000182c100000,0x000000182c200000)]
  0x000001a3da5e0800 JavaThread "Unconstrained build operations Thread 23" [_thread_blocked, id=12044, stack(0x000000182c200000,0x000000182c300000)]
  0x000001a3da5dc800 JavaThread "Unconstrained build operations Thread 24" [_thread_blocked, id=3340, stack(0x000000182c300000,0x000000182c400000)]
  0x000001a3da5db800 JavaThread "Unconstrained build operations Thread 25" [_thread_blocked, id=5140, stack(0x000000182c400000,0x000000182c500000)]
  0x000001a3da5e1000 JavaThread "Unconstrained build operations Thread 26" [_thread_blocked, id=8036, stack(0x000000182c500000,0x000000182c600000)]
  0x000001a3da5e2000 JavaThread "Unconstrained build operations Thread 27" [_thread_blocked, id=2504, stack(0x000000182c600000,0x000000182c700000)]
  0x000001a3da5e6000 JavaThread "Unconstrained build operations Thread 28" [_thread_blocked, id=8120, stack(0x000000182c700000,0x000000182c800000)]
  0x000001a3da5e7000 JavaThread "Unconstrained build operations Thread 29" [_thread_blocked, id=6828, stack(0x000000182c800000,0x000000182c900000)]
  0x000001a3da5e3800 JavaThread "Unconstrained build operations Thread 30" [_thread_blocked, id=10140, stack(0x000000182c900000,0x000000182ca00000)]
  0x000001a3da5e4800 JavaThread "Unconstrained build operations Thread 31" [_thread_blocked, id=14312, stack(0x000000182ca00000,0x000000182cb00000)]
  0x000001a3da5e7800 JavaThread "Unconstrained build operations Thread 32" [_thread_blocked, id=5788, stack(0x000000182cb00000,0x000000182cc00000)]
  0x000001a3da5e5800 JavaThread "Unconstrained build operations Thread 33" [_thread_blocked, id=5692, stack(0x000000182cc00000,0x000000182cd00000)]
  0x000001a3da5e8800 JavaThread "Unconstrained build operations Thread 34" [_thread_blocked, id=9888, stack(0x000000182cd00000,0x000000182ce00000)]
  0x000001a3da5e3000 JavaThread "Unconstrained build operations Thread 35" [_thread_blocked, id=4088, stack(0x000000182ce00000,0x000000182cf00000)]
  0x000001a3da751000 JavaThread "Unconstrained build operations Thread 36" [_thread_blocked, id=6924, stack(0x000000182cf00000,0x000000182d000000)]
  0x000001a3da752800 JavaThread "Unconstrained build operations Thread 37" [_thread_blocked, id=4744, stack(0x000000182d000000,0x000000182d100000)]
  0x000001a3da750000 JavaThread "Unconstrained build operations Thread 38" [_thread_blocked, id=2584, stack(0x000000182d100000,0x000000182d200000)]
  0x000001a3da751800 JavaThread "Unconstrained build operations Thread 39" [_thread_blocked, id=12500, stack(0x000000182d200000,0x000000182d300000)]
  0x000001a3da753800 JavaThread "Unconstrained build operations Thread 40" [_thread_blocked, id=14172, stack(0x000000182d300000,0x000000182d400000)]
  0x000001a3da754000 JavaThread "Unconstrained build operations Thread 41" [_thread_blocked, id=9568, stack(0x000000182d400000,0x000000182d500000)]
  0x000001a3da755000 JavaThread "Unconstrained build operations Thread 42" [_thread_blocked, id=5336, stack(0x000000182d500000,0x000000182d600000)]
  0x000001a3da74f800 JavaThread "Unconstrained build operations Thread 43" [_thread_blocked, id=13036, stack(0x000000182d600000,0x000000182d700000)]
  0x000001a3da75a800 JavaThread "Unconstrained build operations Thread 44" [_thread_blocked, id=13784, stack(0x000000182d700000,0x000000182d800000)]
  0x000001a3da75b800 JavaThread "Unconstrained build operations Thread 45" [_thread_blocked, id=1708, stack(0x000000182d800000,0x000000182d900000)]
  0x000001a3da756000 JavaThread "Unconstrained build operations Thread 46" [_thread_blocked, id=7816, stack(0x000000182d900000,0x000000182da00000)]
  0x000001a3da759000 JavaThread "Unconstrained build operations Thread 47" [_thread_blocked, id=9560, stack(0x000000182da00000,0x000000182db00000)]
  0x000001a3da75c800 JavaThread "Unconstrained build operations Thread 48" [_thread_blocked, id=8888, stack(0x000000182db00000,0x000000182dc00000)]
  0x000001a3da756800 JavaThread "Unconstrained build operations Thread 49" [_thread_blocked, id=4156, stack(0x000000182dc00000,0x000000182dd00000)]
  0x000001a3da75d000 JavaThread "Unconstrained build operations Thread 50" [_thread_blocked, id=10036, stack(0x000000182dd00000,0x000000182de00000)]
  0x000001a3da757800 JavaThread "Unconstrained build operations Thread 51" [_thread_blocked, id=13344, stack(0x000000182de00000,0x000000182df00000)]
  0x000001a3da75e000 JavaThread "Unconstrained build operations Thread 52" [_thread_blocked, id=2484, stack(0x000000182df00000,0x000000182e000000)]
  0x000001a3da758800 JavaThread "Unconstrained build operations Thread 53" [_thread_blocked, id=3664, stack(0x000000182e000000,0x000000182e100000)]
  0x000001a3da75a000 JavaThread "Unconstrained build operations Thread 54" [_thread_blocked, id=3640, stack(0x000000182e100000,0x000000182e200000)]
  0x000001a3da6d2000 JavaThread "Unconstrained build operations Thread 55" [_thread_blocked, id=12476, stack(0x000000182e200000,0x000000182e300000)]
  0x000001a3da6ce000 JavaThread "Unconstrained build operations Thread 56" [_thread_blocked, id=5332, stack(0x000000182e300000,0x000000182e400000)]
  0x000001a3da6d4800 JavaThread "Unconstrained build operations Thread 57" [_thread_blocked, id=13240, stack(0x000000182e400000,0x000000182e500000)]
  0x000001a3da6cf000 JavaThread "Unconstrained build operations Thread 58" [_thread_blocked, id=9472, stack(0x000000182e500000,0x000000182e600000)]
  0x000001a3da6d0800 JavaThread "Unconstrained build operations Thread 59" [_thread_blocked, id=8864, stack(0x000000182e600000,0x000000182e700000)]
  0x000001a3da6d0000 JavaThread "Unconstrained build operations Thread 60" [_thread_blocked, id=8988, stack(0x000000182e700000,0x000000182e800000)]
  0x000001a3da6d3000 JavaThread "Unconstrained build operations Thread 61" [_thread_blocked, id=6876, stack(0x000000182e800000,0x000000182e900000)]
  0x000001a3da6d4000 JavaThread "Unconstrained build operations Thread 62" [_thread_blocked, id=8936, stack(0x000000182e900000,0x000000182ea00000)]
  0x000001a3da6d7000 JavaThread "Unconstrained build operations Thread 63" [_thread_blocked, id=6216, stack(0x000000182ea00000,0x000000182eb00000)]
  0x000001a3da6d1800 JavaThread "Unconstrained build operations Thread 64" [_thread_blocked, id=2756, stack(0x000000182eb00000,0x000000182ec00000)]
  0x000001a3da6d8000 JavaThread "Unconstrained build operations Thread 65" [_thread_blocked, id=13800, stack(0x000000182ec00000,0x000000182ed00000)]
  0x000001a3da6d5800 JavaThread "Unconstrained build operations Thread 66" [_thread_blocked, id=10756, stack(0x000000182ed00000,0x000000182ee00000)]
  0x000001a3da6d9800 JavaThread "Unconstrained build operations Thread 67" [_thread_blocked, id=10504, stack(0x000000182ee00000,0x000000182ef00000)]
  0x000001a3da6db000 JavaThread "Unconstrained build operations Thread 68" [_thread_blocked, id=10316, stack(0x000000182ef00000,0x000000182f000000)]
  0x000001a3da6d9000 JavaThread "Unconstrained build operations Thread 69" [_thread_blocked, id=2332, stack(0x000000182f000000,0x000000182f100000)]
  0x000001a3da6da800 JavaThread "Unconstrained build operations Thread 70" [_thread_blocked, id=13632, stack(0x000000182f100000,0x000000182f200000)]
  0x000001a3da6dc000 JavaThread "Unconstrained build operations Thread 71" [_thread_blocked, id=2928, stack(0x000000182f200000,0x000000182f300000)]
  0x000001a3da6d6800 JavaThread "Unconstrained build operations Thread 72" [_thread_blocked, id=9840, stack(0x000000182f300000,0x000000182f400000)]
  0x000001a3da6dd000 JavaThread "Unconstrained build operations Thread 73" [_thread_blocked, id=9404, stack(0x000000182f400000,0x000000182f500000)]
  0x000001a3dac03800 JavaThread "Unconstrained build operations Thread 74" [_thread_blocked, id=2104, stack(0x000000182f500000,0x000000182f600000)]
  0x000001a3dac08800 JavaThread "Unconstrained build operations Thread 75" [_thread_blocked, id=6824, stack(0x000000182f600000,0x000000182f700000)]
  0x000001a3dac03000 JavaThread "Unconstrained build operations Thread 76" [_thread_blocked, id=5940, stack(0x000000182f700000,0x000000182f800000)]
  0x000001a3dac09800 JavaThread "Unconstrained build operations Thread 77" [_thread_blocked, id=2936, stack(0x000000182f800000,0x000000182f900000)]
  0x000001a3dac08000 JavaThread "Unconstrained build operations Thread 78" [_thread_blocked, id=13768, stack(0x000000182f900000,0x000000182fa00000)]
  0x000001a3dac04800 JavaThread "Unconstrained build operations Thread 79" [_thread_blocked, id=10608, stack(0x000000182fa00000,0x000000182fb00000)]
  0x000001a3dac0b000 JavaThread "Unconstrained build operations Thread 80" [_thread_blocked, id=14276, stack(0x000000182fb00000,0x000000182fc00000)]
  0x000001a3dac0a000 JavaThread "jar transforms Thread 6" [_thread_blocked, id=7580, stack(0x000000182fc00000,0x000000182fd00000)]
  0x000001a3dac05800 JavaThread "jar transforms Thread 7" [_thread_blocked, id=4592, stack(0x000000182fd00000,0x000000182fe00000)]
  0x000001a3dac0c000 JavaThread "jar transforms Thread 8" [_thread_blocked, id=13732, stack(0x000000182fe00000,0x000000182ff00000)]
  0x000001a3dac06000 JavaThread "build event listener" [_thread_blocked, id=3824, stack(0x000000182ff00000,0x0000001830000000)]
  0x000001a3dac0c800 JavaThread "Memory manager" [_thread_blocked, id=5852, stack(0x0000001830000000,0x0000001830100000)]
  0x000001a3dac07000 JavaThread "included builds" [_thread_blocked, id=908, stack(0x0000001830100000,0x0000001830200000)]
  0x000001a3dac0f000 JavaThread "Execution worker" [_thread_blocked, id=5820, stack(0x0000001830200000,0x0000001830300000)]
  0x000001a3dac11000 JavaThread "Execution worker Thread 2" [_thread_in_Java, id=6504, stack(0x0000001830300000,0x0000001830400000)]
  0x000001a3dac10000 JavaThread "Execution worker Thread 3" [_thread_blocked, id=11148, stack(0x0000001830400000,0x0000001830500000)]
  0x000001a3dac0e800 JavaThread "Execution worker Thread 4" [_thread_blocked, id=13640, stack(0x0000001830500000,0x0000001830600000)]
  0x000001a3dac11800 JavaThread "Execution worker Thread 5" [_thread_blocked, id=4960, stack(0x0000001830600000,0x0000001830700000)]
  0x000001a3dac0d800 JavaThread "Execution worker Thread 6" [_thread_blocked, id=8856, stack(0x0000001830700000,0x0000001830800000)]
  0x000001a3d7ef4000 JavaThread "Execution worker Thread 7" [_thread_blocked, id=10580, stack(0x0000001830800000,0x0000001830900000)]
  0x000001a3d7ef5000 JavaThread "Cache worker for execution history cache (D:\User\vocongbinh\projectUIT\MovieTicketApp\MovieTicketApp\.gradle\7.5\executionHistory)" [_thread_blocked, id=7200, stack(0x0000001830900000,0x0000001830a00000)]
  0x000001a3d7ef5800 JavaThread "WorkerExecutor Queue" [_thread_blocked, id=9664, stack(0x0000001830a00000,0x0000001830b00000)]
  0x000001a3d7ef6800 JavaThread "WorkerExecutor Queue Thread 2" [_thread_blocked, id=1696, stack(0x0000001830b00000,0x0000001830c00000)]
  0x000001a3d7ef3000 JavaThread "WorkerExecutor Queue Thread 3" [_thread_blocked, id=6376, stack(0x0000001830e00000,0x0000001830f00000)]
  0x000001a3d7ef7000 JavaThread "pool-3-thread-1" [_thread_blocked, id=4492, stack(0x0000001830f00000,0x0000001831000000)]
  0x000001a3d7ef8000 JavaThread "stderr" [_thread_in_native, id=3672, stack(0x0000001831000000,0x0000001831100000)]
  0x000001a3d7ef9000 JavaThread "stdout" [_thread_in_native, id=7404, stack(0x0000001831100000,0x0000001831200000)]
  0x000001a3d7ef9800 JavaThread "Cache worker for Java compile cache (C:\Users\asus\.gradle\caches\7.5\javaCompile)" [_thread_blocked, id=1316, stack(0x0000001831200000,0x0000001831300000)]
  0x000001a3d7efb800 JavaThread "Build operations" [_thread_blocked, id=3200, stack(0x0000001831300000,0x0000001831400000)]
  0x000001a3d7efc000 JavaThread "Build operations Thread 2" [_thread_blocked, id=12332, stack(0x0000001831400000,0x0000001831500000)]
  0x000001a3d7efd000 JavaThread "Build operations Thread 3" [_thread_blocked, id=6512, stack(0x0000001831500000,0x0000001831600000)]
  0x000001a3d7efe000 JavaThread "Build operations Thread 4" [_thread_blocked, id=9868, stack(0x0000001831600000,0x0000001831700000)]
  0x000001a3d7efe800 JavaThread "Build operations Thread 5" [_thread_blocked, id=13928, stack(0x0000001831700000,0x0000001831800000)]
  0x000001a3d7eff800 JavaThread "Build operations Thread 6" [_thread_blocked, id=1904, stack(0x0000001831800000,0x0000001831900000)]
  0x000001a3d7f00000 JavaThread "Build operations Thread 7" [_thread_blocked, id=8876, stack(0x0000001831900000,0x0000001831a00000)]
  0x000001a3d7efa800 JavaThread "Build operations Thread 8" [_thread_blocked, id=2848, stack(0x0000001831a00000,0x0000001831b00000)]
  0x000001a3d7f02000 JavaThread "WorkerExecutor Queue Thread 4" [_thread_blocked, id=9784, stack(0x0000001831b00000,0x0000001831c00000)]
  0x000001a3de31f000 JavaThread "WorkerExecutor Queue Thread 5" [_thread_blocked, id=11096, stack(0x0000001831c00000,0x0000001831d00000)]
  0x000001a3de31b000 JavaThread "WorkerExecutor Queue Thread 6" [_thread_blocked, id=1324, stack(0x0000001831d00000,0x0000001831e00000)]
  0x000001a3de31e000 JavaThread "WorkerExecutor Queue Thread 7" [_thread_blocked, id=10340, stack(0x0000001831e00000,0x0000001831f00000)]
  0x000001a3de31b800 JavaThread "WorkerExecutor Queue Thread 8" [_thread_blocked, id=1532, stack(0x0000001831f00000,0x0000001832000000)]

Other Threads:
  0x000001a3d63a6000 VMThread "VM Thread" [stack: 0x0000001827c00000,0x0000001827d00000] [id=14308]
  0x000001a3d6e81800 WatcherThread [stack: 0x0000001828600000,0x0000001828700000] [id=12000]
  0x000001a3bbf1f800 GCTaskThread "GC Thread#0" [stack: 0x0000001827700000,0x0000001827800000] [id=11736]
  0x000001a3d79a6800 GCTaskThread "GC Thread#1" [stack: 0x0000001828700000,0x0000001828800000] [id=10448]
  0x000001a3d7937800 GCTaskThread "GC Thread#2" [stack: 0x0000001829200000,0x0000001829300000] [id=2600]
  0x000001a3d7935000 GCTaskThread "GC Thread#3" [stack: 0x0000001829300000,0x0000001829400000] [id=8912]
  0x000001a3d7da3000 GCTaskThread "GC Thread#4" [stack: 0x0000001829400000,0x0000001829500000] [id=3588]
  0x000001a3d7da4000 GCTaskThread "GC Thread#5" [stack: 0x0000001829500000,0x0000001829600000] [id=3604]
  0x000001a3d70e8000 GCTaskThread "GC Thread#6" [stack: 0x0000001829600000,0x0000001829700000] [id=11776]
  0x000001a3d7a62800 GCTaskThread "GC Thread#7" [stack: 0x0000001829700000,0x0000001829800000] [id=3592]
  0x000001a3bbf51000 ConcurrentGCThread "G1 Main Marker" [stack: 0x0000001827800000,0x0000001827900000] [id=4412]
  0x000001a3bbf52000 ConcurrentGCThread "G1 Conc#0" [stack: 0x0000001827900000,0x0000001827a00000] [id=1716]
  0x000001a3d84bc800 ConcurrentGCThread "G1 Conc#1" [stack: 0x0000001829c00000,0x0000001829d00000] [id=10304]
  0x000001a3bbfde000 ConcurrentGCThread "G1 Refine#0" [stack: 0x0000001827a00000,0x0000001827b00000] [id=6228]
  0x000001a3d78fe800 ConcurrentGCThread "G1 Refine#1" [stack: 0x0000001829800000,0x0000001829900000] [id=11032]
  0x000001a3d61f2800 ConcurrentGCThread "G1 Young RemSet Sampling" [stack: 0x0000001827b00000,0x0000001827c00000] [id=12264]

Threads with active compile tasks:
C2 CompilerThread0    49972 13606       4       sun.invoke.util.VerifyAccess::isClassAccessible (182 bytes)

VM state:not at safepoint (normal execution)

VM Mutex/Monitor currently owned by a thread: None

Heap address: 0x0000000080000000, size: 2048 MB, Compressed Oops mode: 32-bit
Narrow klass base: 0x0000000000000000, Narrow klass shift: 3
Compressed class space size: 1073741824 Address: 0x0000000100000000

Heap:
 garbage-first heap   total 212992K, used 129830K [0x0000000080000000, 0x0000000100000000)
  region size 1024K, 27 young (27648K), 4 survivors (4096K)
 Metaspace       used 118299K, capacity 121892K, committed 122160K, reserved 1155072K
  class space    used 15424K, capacity 16805K, committed 16844K, reserved 1048576K
Heap Regions: E=young(eden), S=young(survivor), O=old, HS=humongous(starts), HC=humongous(continues), CS=collection set, F=free, A=archive, TAMS=top-at-mark-start (previous, next)
|   0|0x0000000080000000, 0x0000000080100000, 0x0000000080100000|100%| O|  |TAMS 0x0000000080100000, 0x0000000080000000| Untracked 
|   1|0x0000000080100000, 0x0000000080200000, 0x0000000080200000|100%| O|  |TAMS 0x0000000080200000, 0x0000000080100000| Untracked 
|   2|0x0000000080200000, 0x0000000080300000, 0x0000000080300000|100%| O|  |TAMS 0x0000000080300000, 0x0000000080200000| Untracked 
|   3|0x0000000080300000, 0x0000000080400000, 0x0000000080400000|100%|HS|  |TAMS 0x0000000080400000, 0x0000000080300000| Complete 
|   4|0x0000000080400000, 0x0000000080500000, 0x0000000080500000|100%|HC|  |TAMS 0x0000000080500000, 0x0000000080400000| Complete 
|   5|0x0000000080500000, 0x0000000080600000, 0x0000000080600000|100%|HC|  |TAMS 0x0000000080600000, 0x0000000080500000| Complete 
|   6|0x0000000080600000, 0x0000000080700000, 0x0000000080700000|100%| O|  |TAMS 0x0000000080700000, 0x0000000080600000| Untracked 
|   7|0x0000000080700000, 0x0000000080800000, 0x0000000080800000|100%| O|  |TAMS 0x0000000080800000, 0x0000000080700000| Untracked 
|   8|0x0000000080800000, 0x0000000080900000, 0x0000000080900000|100%| O|  |TAMS 0x0000000080900000, 0x0000000080800000| Untracked 
|   9|0x0000000080900000, 0x0000000080a00000, 0x0000000080a00000|100%| O|  |TAMS 0x0000000080a00000, 0x0000000080900000| Untracked 
|  10|0x0000000080a00000, 0x0000000080b00000, 0x0000000080b00000|100%| O|  |TAMS 0x0000000080b00000, 0x0000000080a00000| Untracked 
|  11|0x0000000080b00000, 0x0000000080c00000, 0x0000000080c00000|100%| O|  |TAMS 0x0000000080c00000, 0x0000000080b00000| Untracked 
|  12|0x0000000080c00000, 0x0000000080d00000, 0x0000000080d00000|100%| O|  |TAMS 0x0000000080d00000, 0x0000000080c00000| Untracked 
|  13|0x0000000080d00000, 0x0000000080e00000, 0x0000000080e00000|100%| O|  |TAMS 0x0000000080e00000, 0x0000000080d00000| Untracked 
|  14|0x0000000080e00000, 0x0000000080f00000, 0x0000000080f00000|100%| O|  |TAMS 0x0000000080f00000, 0x0000000080e00000| Untracked 
|  15|0x0000000080f00000, 0x0000000081000000, 0x0000000081000000|100%| O|  |TAMS 0x0000000081000000, 0x0000000080f00000| Untracked 
|  16|0x0000000081000000, 0x0000000081100000, 0x0000000081100000|100%| O|  |TAMS 0x0000000081100000, 0x0000000081000000| Untracked 
|  17|0x0000000081100000, 0x0000000081200000, 0x0000000081200000|100%|HS|  |TAMS 0x0000000081200000, 0x0000000081100000| Complete 
|  18|0x0000000081200000, 0x0000000081300000, 0x0000000081300000|100%| O|  |TAMS 0x0000000081300000, 0x0000000081200000| Untracked 
|  19|0x0000000081300000, 0x0000000081400000, 0x0000000081400000|100%| O|  |TAMS 0x0000000081400000, 0x0000000081300000| Untracked 
|  20|0x0000000081400000, 0x0000000081500000, 0x0000000081500000|100%| O|  |TAMS 0x0000000081500000, 0x0000000081400000| Untracked 
|  21|0x0000000081500000, 0x0000000081600000, 0x0000000081600000|100%| O|  |TAMS 0x0000000081600000, 0x0000000081500000| Untracked 
|  22|0x0000000081600000, 0x0000000081700000, 0x0000000081700000|100%| O|  |TAMS 0x0000000081700000, 0x0000000081600000| Untracked 
|  23|0x0000000081700000, 0x0000000081800000, 0x0000000081800000|100%| O|  |TAMS 0x0000000081800000, 0x0000000081700000| Untracked 
|  24|0x0000000081800000, 0x0000000081900000, 0x0000000081900000|100%| O|  |TAMS 0x0000000081900000, 0x0000000081800000| Untracked 
|  25|0x0000000081900000, 0x0000000081a00000, 0x0000000081a00000|100%| O|  |TAMS 0x0000000081a00000, 0x0000000081900000| Untracked 
|  26|0x0000000081a00000, 0x0000000081b00000, 0x0000000081b00000|100%| O|  |TAMS 0x0000000081b00000, 0x0000000081a00000| Untracked 
|  27|0x0000000081b00000, 0x0000000081c00000, 0x0000000081c00000|100%| O|  |TAMS 0x0000000081c00000, 0x0000000081b00000| Untracked 
|  28|0x0000000081c00000, 0x0000000081d00000, 0x0000000081d00000|100%|HS|  |TAMS 0x0000000081d00000, 0x0000000081c00000| Complete 
|  29|0x0000000081d00000, 0x0000000081e00000, 0x0000000081e00000|100%| O|  |TAMS 0x0000000081e00000, 0x0000000081d00000| Untracked 
|  30|0x0000000081e00000, 0x0000000081f00000, 0x0000000081f00000|100%| O|  |TAMS 0x0000000081f00000, 0x0000000081e00000| Untracked 
|  31|0x0000000081f00000, 0x0000000082000000, 0x0000000082000000|100%| O|  |TAMS 0x0000000082000000, 0x0000000081f00000| Untracked 
|  32|0x0000000082000000, 0x0000000082100000, 0x0000000082100000|100%| O|  |TAMS 0x0000000082100000, 0x0000000082000000| Untracked 
|  33|0x0000000082100000, 0x0000000082200000, 0x0000000082200000|100%| O|  |TAMS 0x0000000082200000, 0x0000000082100000| Untracked 
|  34|0x0000000082200000, 0x0000000082300000, 0x0000000082300000|100%| O|  |TAMS 0x0000000082300000, 0x0000000082200000| Untracked 
|  35|0x0000000082300000, 0x0000000082400000, 0x0000000082400000|100%| O|  |TAMS 0x0000000082400000, 0x0000000082300000| Untracked 
|  36|0x0000000082400000, 0x0000000082500000, 0x0000000082500000|100%| O|  |TAMS 0x0000000082500000, 0x0000000082400000| Untracked 
|  37|0x0000000082500000, 0x0000000082600000, 0x0000000082600000|100%| O|  |TAMS 0x0000000082600000, 0x0000000082500000| Untracked 
|  38|0x0000000082600000, 0x0000000082700000, 0x0000000082700000|100%| O|  |TAMS 0x0000000082700000, 0x0000000082600000| Untracked 
|  39|0x0000000082700000, 0x0000000082800000, 0x0000000082800000|100%| O|  |TAMS 0x0000000082800000, 0x0000000082700000| Untracked 
|  40|0x0000000082800000, 0x0000000082900000, 0x0000000082900000|100%| O|  |TAMS 0x0000000082900000, 0x0000000082800000| Untracked 
|  41|0x0000000082900000, 0x0000000082a00000, 0x0000000082a00000|100%| O|  |TAMS 0x0000000082a00000, 0x0000000082900000| Untracked 
|  42|0x0000000082a00000, 0x0000000082b00000, 0x0000000082b00000|100%| O|  |TAMS 0x0000000082b00000, 0x0000000082a00000| Untracked 
|  43|0x0000000082b00000, 0x0000000082c00000, 0x0000000082c00000|100%| O|  |TAMS 0x0000000082c00000, 0x0000000082b00000| Untracked 
|  44|0x0000000082c00000, 0x0000000082d00000, 0x0000000082d00000|100%| O|  |TAMS 0x0000000082d00000, 0x0000000082c00000| Untracked 
|  45|0x0000000082d00000, 0x0000000082e00000, 0x0000000082e00000|100%| O|  |TAMS 0x0000000082e00000, 0x0000000082d00000| Untracked 
|  46|0x0000000082e00000, 0x0000000082f00000, 0x0000000082f00000|100%| O|  |TAMS 0x0000000082f00000, 0x0000000082e00000| Untracked 
|  47|0x0000000082f00000, 0x0000000083000000, 0x0000000083000000|100%| O|  |TAMS 0x0000000083000000, 0x0000000082f00000| Untracked 
|  48|0x0000000083000000, 0x0000000083100000, 0x0000000083100000|100%| O|  |TAMS 0x0000000083100000, 0x0000000083000000| Untracked 
|  49|0x0000000083100000, 0x0000000083200000, 0x0000000083200000|100%| O|  |TAMS 0x0000000083200000, 0x0000000083100000| Untracked 
|  50|0x0000000083200000, 0x0000000083300000, 0x0000000083300000|100%| O|  |TAMS 0x0000000083300000, 0x0000000083200000| Untracked 
|  51|0x0000000083300000, 0x0000000083400000, 0x0000000083400000|100%| O|  |TAMS 0x0000000083400000, 0x0000000083300000| Untracked 
|  52|0x0000000083400000, 0x0000000083500000, 0x0000000083500000|100%| O|  |TAMS 0x0000000083500000, 0x0000000083400000| Untracked 
|  53|0x0000000083500000, 0x0000000083600000, 0x0000000083600000|100%| O|  |TAMS 0x0000000083600000, 0x0000000083500000| Untracked 
|  54|0x0000000083600000, 0x0000000083700000, 0x0000000083700000|100%| O|  |TAMS 0x0000000083700000, 0x0000000083600000| Untracked 
|  55|0x0000000083700000, 0x0000000083800000, 0x0000000083800000|100%| O|  |TAMS 0x0000000083800000, 0x0000000083700000| Untracked 
|  56|0x0000000083800000, 0x0000000083900000, 0x0000000083900000|100%| O|  |TAMS 0x0000000083900000, 0x0000000083800000| Untracked 
|  57|0x0000000083900000, 0x0000000083a00000, 0x0000000083a00000|100%| O|  |TAMS 0x0000000083a00000, 0x0000000083900000| Untracked 
|  58|0x0000000083a00000, 0x0000000083b00000, 0x0000000083b00000|100%| O|  |TAMS 0x0000000083b00000, 0x0000000083a00000| Untracked 
|  59|0x0000000083b00000, 0x0000000083c00000, 0x0000000083c00000|100%| O|  |TAMS 0x0000000083c00000, 0x0000000083b00000| Untracked 
|  60|0x0000000083c00000, 0x0000000083d00000, 0x0000000083d00000|100%| O|  |TAMS 0x0000000083d00000, 0x0000000083c00000| Untracked 
|  61|0x0000000083d00000, 0x0000000083e00000, 0x0000000083e00000|100%| O|  |TAMS 0x0000000083e00000, 0x0000000083d00000| Untracked 
|  62|0x0000000083e00000, 0x0000000083f00000, 0x0000000083f00000|100%| O|  |TAMS 0x0000000083f00000, 0x0000000083e00000| Untracked 
|  63|0x0000000083f00000, 0x0000000084000000, 0x0000000084000000|100%| O|  |TAMS 0x0000000084000000, 0x0000000083f00000| Untracked 
|  64|0x0000000084000000, 0x0000000084100000, 0x0000000084100000|100%| O|  |TAMS 0x0000000084100000, 0x0000000084000000| Untracked 
|  65|0x0000000084100000, 0x0000000084200000, 0x0000000084200000|100%| O|  |TAMS 0x0000000084200000, 0x0000000084100000| Untracked 
|  66|0x0000000084200000, 0x0000000084300000, 0x0000000084300000|100%| O|  |TAMS 0x0000000084300000, 0x0000000084200000| Untracked 
|  67|0x0000000084300000, 0x0000000084400000, 0x0000000084400000|100%| O|  |TAMS 0x0000000084400000, 0x0000000084300000| Untracked 
|  68|0x0000000084400000, 0x0000000084500000, 0x0000000084500000|100%| O|  |TAMS 0x0000000084500000, 0x0000000084400000| Untracked 
|  69|0x0000000084500000, 0x0000000084600000, 0x0000000084600000|100%| O|  |TAMS 0x0000000084600000, 0x0000000084500000| Untracked 
|  70|0x0000000084600000, 0x0000000084700000, 0x0000000084700000|100%| O|  |TAMS 0x0000000084700000, 0x0000000084600000| Untracked 
|  71|0x0000000084700000, 0x0000000084800000, 0x0000000084800000|100%| O|  |TAMS 0x0000000084800000, 0x0000000084700000| Untracked 
|  72|0x0000000084800000, 0x0000000084900000, 0x0000000084900000|100%| O|  |TAMS 0x0000000084900000, 0x0000000084800000| Untracked 
|  73|0x0000000084900000, 0x0000000084a00000, 0x0000000084a00000|100%| O|  |TAMS 0x0000000084a00000, 0x0000000084900000| Untracked 
|  74|0x0000000084a00000, 0x0000000084b00000, 0x0000000084b00000|100%| O|  |TAMS 0x0000000084b00000, 0x0000000084a00000| Untracked 
|  75|0x0000000084b00000, 0x0000000084c00000, 0x0000000084c00000|100%| O|  |TAMS 0x0000000084c00000, 0x0000000084b00000| Untracked 
|  76|0x0000000084c00000, 0x0000000084d00000, 0x0000000084d00000|100%| O|  |TAMS 0x0000000084d00000, 0x0000000084c00000| Untracked 
|  77|0x0000000084d00000, 0x0000000084e00000, 0x0000000084e00000|100%| O|  |TAMS 0x0000000084e00000, 0x0000000084d00000| Untracked 
|  78|0x0000000084e00000, 0x0000000084f00000, 0x0000000084f00000|100%| O|  |TAMS 0x0000000084f00000, 0x0000000084e00000| Untracked 
|  79|0x0000000084f00000, 0x0000000085000000, 0x0000000085000000|100%| O|  |TAMS 0x0000000085000000, 0x0000000084f00000| Untracked 
|  80|0x0000000085000000, 0x0000000085100000, 0x0000000085100000|100%| O|  |TAMS 0x0000000085100000, 0x0000000085000000| Untracked 
|  81|0x0000000085100000, 0x0000000085200000, 0x0000000085200000|100%| O|  |TAMS 0x0000000085200000, 0x0000000085100000| Untracked 
|  82|0x0000000085200000, 0x0000000085300000, 0x0000000085300000|100%| O|  |TAMS 0x0000000085300000, 0x0000000085200000| Untracked 
|  83|0x0000000085300000, 0x0000000085400000, 0x0000000085400000|100%| O|  |TAMS 0x0000000085400000, 0x0000000085300000| Untracked 
|  84|0x0000000085400000, 0x0000000085500000, 0x0000000085500000|100%| O|  |TAMS 0x0000000085500000, 0x0000000085400000| Untracked 
|  85|0x0000000085500000, 0x0000000085600000, 0x0000000085600000|100%| O|  |TAMS 0x0000000085600000, 0x0000000085500000| Untracked 
|  86|0x0000000085600000, 0x0000000085700000, 0x0000000085700000|100%| O|  |TAMS 0x0000000085700000, 0x0000000085600000| Untracked 
|  87|0x0000000085700000, 0x0000000085800000, 0x0000000085800000|100%| O|  |TAMS 0x0000000085800000, 0x0000000085700000| Untracked 
|  88|0x0000000085800000, 0x0000000085900000, 0x0000000085900000|100%| O|  |TAMS 0x0000000085900000, 0x0000000085800000| Untracked 
|  89|0x0000000085900000, 0x0000000085a00000, 0x0000000085a00000|100%| O|  |TAMS 0x0000000085a00000, 0x0000000085900000| Untracked 
|  90|0x0000000085a00000, 0x0000000085b00000, 0x0000000085b00000|100%| O|  |TAMS 0x0000000085b00000, 0x0000000085a00000| Untracked 
|  91|0x0000000085b00000, 0x0000000085c00000, 0x0000000085c00000|100%| O|  |TAMS 0x0000000085c00000, 0x0000000085b00000| Untracked 
|  92|0x0000000085c00000, 0x0000000085d00000, 0x0000000085d00000|100%| O|  |TAMS 0x0000000085c52a00, 0x0000000085c00000| Untracked 
|  93|0x0000000085d00000, 0x0000000085e00000, 0x0000000085e00000|100%|HS|  |TAMS 0x0000000085d00000, 0x0000000085d00000| Complete 
|  94|0x0000000085e00000, 0x0000000085f00000, 0x0000000085f00000|100%|HC|  |TAMS 0x0000000085e00000, 0x0000000085e00000| Complete 
|  95|0x0000000085f00000, 0x0000000086000000, 0x0000000086000000|100%| O|  |TAMS 0x0000000086000000, 0x0000000085f00000| Untracked 
|  96|0x0000000086000000, 0x0000000086100000, 0x0000000086100000|100%| O|  |TAMS 0x0000000086100000, 0x0000000086000000| Untracked 
|  97|0x0000000086100000, 0x0000000086200000, 0x0000000086200000|100%| O|  |TAMS 0x0000000086100000, 0x0000000086100000| Untracked 
|  98|0x0000000086200000, 0x0000000086300000, 0x0000000086300000|100%| O|  |TAMS 0x0000000086200000, 0x0000000086200000| Untracked 
|  99|0x0000000086300000, 0x0000000086400000, 0x0000000086400000|100%| O|  |TAMS 0x0000000086300000, 0x0000000086300000| Untracked 
| 100|0x0000000086400000, 0x0000000086500000, 0x0000000086500000|100%| O|  |TAMS 0x0000000086400000, 0x0000000086400000| Untracked 
| 101|0x0000000086500000, 0x0000000086600000, 0x0000000086600000|100%| O|  |TAMS 0x0000000086500000, 0x0000000086500000| Untracked 
| 102|0x0000000086600000, 0x0000000086655800, 0x0000000086700000| 33%| O|  |TAMS 0x0000000086600000, 0x0000000086600000| Untracked 
| 103|0x0000000086700000, 0x0000000086700000, 0x0000000086800000|  0%| F|  |TAMS 0x0000000086700000, 0x0000000086700000| Untracked 
| 104|0x0000000086800000, 0x0000000086800000, 0x0000000086900000|  0%| F|  |TAMS 0x0000000086800000, 0x0000000086800000| Untracked 
| 105|0x0000000086900000, 0x0000000086900000, 0x0000000086a00000|  0%| F|  |TAMS 0x0000000086900000, 0x0000000086900000| Untracked 
| 106|0x0000000086a00000, 0x0000000086a00000, 0x0000000086b00000|  0%| F|  |TAMS 0x0000000086a00000, 0x0000000086a00000| Untracked 
| 107|0x0000000086b00000, 0x0000000086b00000, 0x0000000086c00000|  0%| F|  |TAMS 0x0000000086b00000, 0x0000000086b00000| Untracked 
| 108|0x0000000086c00000, 0x0000000086c00000, 0x0000000086d00000|  0%| F|  |TAMS 0x0000000086c00000, 0x0000000086c00000| Untracked 
| 109|0x0000000086d00000, 0x0000000086d00000, 0x0000000086e00000|  0%| F|  |TAMS 0x0000000086d00000, 0x0000000086d00000| Untracked 
| 110|0x0000000086e00000, 0x0000000086e00000, 0x0000000086f00000|  0%| F|  |TAMS 0x0000000086e00000, 0x0000000086e00000| Untracked 
| 111|0x0000000086f00000, 0x0000000086f00000, 0x0000000087000000|  0%| F|  |TAMS 0x0000000086f00000, 0x0000000086f00000| Untracked 
| 112|0x0000000087000000, 0x0000000087000000, 0x0000000087100000|  0%| F|  |TAMS 0x0000000087000000, 0x0000000087000000| Untracked 
| 113|0x0000000087100000, 0x0000000087100000, 0x0000000087200000|  0%| F|  |TAMS 0x0000000087100000, 0x0000000087100000| Untracked 
| 114|0x0000000087200000, 0x0000000087200000, 0x0000000087300000|  0%| F|  |TAMS 0x0000000087200000, 0x0000000087200000| Untracked 
| 115|0x0000000087300000, 0x0000000087300000, 0x0000000087400000|  0%| F|  |TAMS 0x0000000087300000, 0x0000000087300000| Untracked 
| 116|0x0000000087400000, 0x0000000087400000, 0x0000000087500000|  0%| F|  |TAMS 0x0000000087400000, 0x0000000087400000| Untracked 
| 117|0x0000000087500000, 0x0000000087500000, 0x0000000087600000|  0%| F|  |TAMS 0x0000000087500000, 0x0000000087500000| Untracked 
| 118|0x0000000087600000, 0x0000000087600000, 0x0000000087700000|  0%| F|  |TAMS 0x0000000087600000, 0x0000000087600000| Untracked 
| 119|0x0000000087700000, 0x0000000087700000, 0x0000000087800000|  0%| F|  |TAMS 0x0000000087700000, 0x0000000087700000| Untracked 
| 120|0x0000000087800000, 0x0000000087800000, 0x0000000087900000|  0%| F|  |TAMS 0x0000000087800000, 0x0000000087800000| Untracked 
| 121|0x0000000087900000, 0x0000000087900000, 0x0000000087a00000|  0%| F|  |TAMS 0x0000000087900000, 0x0000000087900000| Untracked 
| 122|0x0000000087a00000, 0x0000000087a00000, 0x0000000087b00000|  0%| F|  |TAMS 0x0000000087a00000, 0x0000000087a00000| Untracked 
| 123|0x0000000087b00000, 0x0000000087b00000, 0x0000000087c00000|  0%| F|  |TAMS 0x0000000087b00000, 0x0000000087b00000| Untracked 
| 124|0x0000000087c00000, 0x0000000087c00000, 0x0000000087d00000|  0%| F|  |TAMS 0x0000000087c00000, 0x0000000087c00000| Untracked 
| 125|0x0000000087d00000, 0x0000000087d00000, 0x0000000087e00000|  0%| F|  |TAMS 0x0000000087d00000, 0x0000000087d00000| Untracked 
| 126|0x0000000087e00000, 0x0000000087e00000, 0x0000000087f00000|  0%| F|  |TAMS 0x0000000087e00000, 0x0000000087e00000| Untracked 
| 127|0x0000000087f00000, 0x0000000087f00000, 0x0000000088000000|  0%| F|  |TAMS 0x0000000087f00000, 0x0000000087f00000| Untracked 
| 128|0x0000000088000000, 0x0000000088000000, 0x0000000088100000|  0%| F|  |TAMS 0x0000000088000000, 0x0000000088000000| Untracked 
| 129|0x0000000088100000, 0x0000000088100000, 0x0000000088200000|  0%| F|  |TAMS 0x0000000088100000, 0x0000000088100000| Untracked 
| 130|0x0000000088200000, 0x0000000088200000, 0x0000000088300000|  0%| F|  |TAMS 0x0000000088200000, 0x0000000088200000| Untracked 
| 131|0x0000000088300000, 0x0000000088300000, 0x0000000088400000|  0%| F|  |TAMS 0x0000000088300000, 0x0000000088300000| Untracked 
| 132|0x0000000088400000, 0x0000000088400000, 0x0000000088500000|  0%| F|  |TAMS 0x0000000088400000, 0x0000000088400000| Untracked 
| 133|0x0000000088500000, 0x0000000088500000, 0x0000000088600000|  0%| F|  |TAMS 0x0000000088500000, 0x0000000088500000| Untracked 
| 134|0x0000000088600000, 0x0000000088600000, 0x0000000088700000|  0%| F|  |TAMS 0x0000000088600000, 0x0000000088600000| Untracked 
| 135|0x0000000088700000, 0x0000000088700000, 0x0000000088800000|  0%| F|  |TAMS 0x0000000088700000, 0x0000000088700000| Untracked 
| 136|0x0000000088800000, 0x0000000088800000, 0x0000000088900000|  0%| F|  |TAMS 0x0000000088800000, 0x0000000088800000| Untracked 
| 137|0x0000000088900000, 0x0000000088900000, 0x0000000088a00000|  0%| F|  |TAMS 0x0000000088900000, 0x0000000088900000| Untracked 
| 138|0x0000000088a00000, 0x0000000088a00000, 0x0000000088b00000|  0%| F|  |TAMS 0x0000000088a00000, 0x0000000088a00000| Untracked 
| 139|0x0000000088b00000, 0x0000000088b00000, 0x0000000088c00000|  0%| F|  |TAMS 0x0000000088b00000, 0x0000000088b00000| Untracked 
| 140|0x0000000088c00000, 0x0000000088c743f8, 0x0000000088d00000| 45%| S|CS|TAMS 0x0000000088c00000, 0x0000000088c00000| Complete 
| 141|0x0000000088d00000, 0x0000000088e00000, 0x0000000088e00000|100%| S|CS|TAMS 0x0000000088d00000, 0x0000000088d00000| Complete 
| 142|0x0000000088e00000, 0x0000000088f00000, 0x0000000088f00000|100%| S|CS|TAMS 0x0000000088e00000, 0x0000000088e00000| Complete 
| 143|0x0000000088f00000, 0x0000000089000000, 0x0000000089000000|100%| S|CS|TAMS 0x0000000088f00000, 0x0000000088f00000| Complete 
| 144|0x0000000089000000, 0x0000000089000000, 0x0000000089100000|  0%| F|  |TAMS 0x0000000089000000, 0x0000000089000000| Untracked 
| 145|0x0000000089100000, 0x0000000089100000, 0x0000000089200000|  0%| F|  |TAMS 0x0000000089100000, 0x0000000089100000| Untracked 
| 146|0x0000000089200000, 0x0000000089200000, 0x0000000089300000|  0%| F|  |TAMS 0x0000000089200000, 0x0000000089200000| Untracked 
| 147|0x0000000089300000, 0x0000000089300000, 0x0000000089400000|  0%| F|  |TAMS 0x0000000089300000, 0x0000000089300000| Untracked 
| 148|0x0000000089400000, 0x0000000089400000, 0x0000000089500000|  0%| F|  |TAMS 0x0000000089400000, 0x0000000089400000| Untracked 
| 149|0x0000000089500000, 0x0000000089500000, 0x0000000089600000|  0%| F|  |TAMS 0x0000000089500000, 0x0000000089500000| Untracked 
| 150|0x0000000089600000, 0x0000000089600000, 0x0000000089700000|  0%| F|  |TAMS 0x0000000089600000, 0x0000000089600000| Untracked 
| 151|0x0000000089700000, 0x0000000089700000, 0x0000000089800000|  0%| F|  |TAMS 0x0000000089700000, 0x0000000089700000| Untracked 
| 152|0x0000000089800000, 0x0000000089800000, 0x0000000089900000|  0%| F|  |TAMS 0x0000000089800000, 0x0000000089800000| Untracked 
| 153|0x0000000089900000, 0x0000000089900000, 0x0000000089a00000|  0%| F|  |TAMS 0x0000000089900000, 0x0000000089900000| Untracked 
| 154|0x0000000089a00000, 0x0000000089a00000, 0x0000000089b00000|  0%| F|  |TAMS 0x0000000089a00000, 0x0000000089a00000| Untracked 
| 155|0x0000000089b00000, 0x0000000089b00000, 0x0000000089c00000|  0%| F|  |TAMS 0x0000000089b00000, 0x0000000089b00000| Untracked 
| 156|0x0000000089c00000, 0x0000000089c00000, 0x0000000089d00000|  0%| F|  |TAMS 0x0000000089c00000, 0x0000000089c00000| Untracked 
| 157|0x0000000089d00000, 0x0000000089d00000, 0x0000000089e00000|  0%| F|  |TAMS 0x0000000089d00000, 0x0000000089d00000| Untracked 
| 158|0x0000000089e00000, 0x0000000089e00000, 0x0000000089f00000|  0%| F|  |TAMS 0x0000000089e00000, 0x0000000089e00000| Untracked 
| 159|0x0000000089f00000, 0x0000000089f00000, 0x000000008a000000|  0%| F|  |TAMS 0x0000000089f00000, 0x0000000089f00000| Untracked 
| 160|0x000000008a000000, 0x000000008a000000, 0x000000008a100000|  0%| F|  |TAMS 0x000000008a000000, 0x000000008a000000| Untracked 
| 161|0x000000008a100000, 0x000000008a100000, 0x000000008a200000|  0%| F|  |TAMS 0x000000008a100000, 0x000000008a100000| Untracked 
| 162|0x000000008a200000, 0x000000008a200000, 0x000000008a300000|  0%| F|  |TAMS 0x000000008a200000, 0x000000008a200000| Untracked 
| 163|0x000000008a300000, 0x000000008a300000, 0x000000008a400000|  0%| F|  |TAMS 0x000000008a300000, 0x000000008a300000| Untracked 
| 164|0x000000008a400000, 0x000000008a400000, 0x000000008a500000|  0%| F|  |TAMS 0x000000008a400000, 0x000000008a400000| Untracked 
| 165|0x000000008a500000, 0x000000008a500000, 0x000000008a600000|  0%| F|  |TAMS 0x000000008a500000, 0x000000008a500000| Untracked 
| 166|0x000000008a600000, 0x000000008a600000, 0x000000008a700000|  0%| F|  |TAMS 0x000000008a600000, 0x000000008a600000| Untracked 
| 167|0x000000008a700000, 0x000000008a700000, 0x000000008a800000|  0%| F|  |TAMS 0x000000008a700000, 0x000000008a700000| Untracked 
| 168|0x000000008a800000, 0x000000008a800000, 0x000000008a900000|  0%| F|  |TAMS 0x000000008a800000, 0x000000008a800000| Untracked 
| 169|0x000000008a900000, 0x000000008a900000, 0x000000008aa00000|  0%| F|  |TAMS 0x000000008a900000, 0x000000008a900000| Untracked 
| 170|0x000000008aa00000, 0x000000008aa00000, 0x000000008ab00000|  0%| F|  |TAMS 0x000000008aa00000, 0x000000008aa00000| Untracked 
| 171|0x000000008ab00000, 0x000000008ab00000, 0x000000008ac00000|  0%| F|  |TAMS 0x000000008ab00000, 0x000000008ab00000| Untracked 
| 172|0x000000008ac00000, 0x000000008ac00000, 0x000000008ad00000|  0%| F|  |TAMS 0x000000008ac00000, 0x000000008ac00000| Untracked 
| 173|0x000000008ad00000, 0x000000008ad00000, 0x000000008ae00000|  0%| F|  |TAMS 0x000000008ad00000, 0x000000008ad00000| Untracked 
| 174|0x000000008ae00000, 0x000000008ae00000, 0x000000008af00000|  0%| F|  |TAMS 0x000000008ae00000, 0x000000008ae00000| Untracked 
| 175|0x000000008af00000, 0x000000008af00000, 0x000000008b000000|  0%| F|  |TAMS 0x000000008af00000, 0x000000008af00000| Untracked 
| 176|0x000000008b000000, 0x000000008b000000, 0x000000008b100000|  0%| F|  |TAMS 0x000000008b000000, 0x000000008b000000| Untracked 
| 177|0x000000008b100000, 0x000000008b100000, 0x000000008b200000|  0%| F|  |TAMS 0x000000008b100000, 0x000000008b100000| Untracked 
| 178|0x000000008b200000, 0x000000008b200000, 0x000000008b300000|  0%| F|  |TAMS 0x000000008b200000, 0x000000008b200000| Untracked 
| 179|0x000000008b300000, 0x000000008b300000, 0x000000008b400000|  0%| F|  |TAMS 0x000000008b300000, 0x000000008b300000| Untracked 
| 180|0x000000008b400000, 0x000000008b400000, 0x000000008b500000|  0%| F|  |TAMS 0x000000008b400000, 0x000000008b400000| Untracked 
| 181|0x000000008b500000, 0x000000008b500000, 0x000000008b600000|  0%| F|  |TAMS 0x000000008b500000, 0x000000008b500000| Untracked 
| 182|0x000000008b600000, 0x000000008b600000, 0x000000008b700000|  0%| F|  |TAMS 0x000000008b600000, 0x000000008b600000| Untracked 
| 183|0x000000008b700000, 0x000000008b700000, 0x000000008b800000|  0%| F|  |TAMS 0x000000008b700000, 0x000000008b700000| Untracked 
| 184|0x000000008b800000, 0x000000008b800000, 0x000000008b900000|  0%| F|  |TAMS 0x000000008b800000, 0x000000008b800000| Untracked 
| 185|0x000000008b900000, 0x000000008b91e508, 0x000000008ba00000| 11%| E|  |TAMS 0x000000008b900000, 0x000000008b900000| Complete 
| 186|0x000000008ba00000, 0x000000008bb00000, 0x000000008bb00000|100%| E|CS|TAMS 0x000000008ba00000, 0x000000008ba00000| Complete 
| 187|0x000000008bb00000, 0x000000008bc00000, 0x000000008bc00000|100%| E|CS|TAMS 0x000000008bb00000, 0x000000008bb00000| Complete 
| 188|0x000000008bc00000, 0x000000008bd00000, 0x000000008bd00000|100%| E|CS|TAMS 0x000000008bc00000, 0x000000008bc00000| Complete 
| 189|0x000000008bd00000, 0x000000008be00000, 0x000000008be00000|100%| E|CS|TAMS 0x000000008bd00000, 0x000000008bd00000| Complete 
| 190|0x000000008be00000, 0x000000008bf00000, 0x000000008bf00000|100%| E|CS|TAMS 0x000000008be00000, 0x000000008be00000| Complete 
| 191|0x000000008bf00000, 0x000000008c000000, 0x000000008c000000|100%| E|  |TAMS 0x000000008bf00000, 0x000000008bf00000| Complete 
| 192|0x000000008c000000, 0x000000008c100000, 0x000000008c100000|100%| E|CS|TAMS 0x000000008c000000, 0x000000008c000000| Complete 
| 193|0x000000008c100000, 0x000000008c200000, 0x000000008c200000|100%| E|CS|TAMS 0x000000008c100000, 0x000000008c100000| Complete 
| 194|0x000000008c200000, 0x000000008c300000, 0x000000008c300000|100%| E|CS|TAMS 0x000000008c200000, 0x000000008c200000| Complete 
| 195|0x000000008c300000, 0x000000008c400000, 0x000000008c400000|100%| E|CS|TAMS 0x000000008c300000, 0x000000008c300000| Complete 
| 196|0x000000008c400000, 0x000000008c500000, 0x000000008c500000|100%| E|CS|TAMS 0x000000008c400000, 0x000000008c400000| Complete 
| 197|0x000000008c500000, 0x000000008c600000, 0x000000008c600000|100%| E|CS|TAMS 0x000000008c500000, 0x000000008c500000| Complete 
| 198|0x000000008c600000, 0x000000008c700000, 0x000000008c700000|100%| E|CS|TAMS 0x000000008c600000, 0x000000008c600000| Complete 
| 199|0x000000008c700000, 0x000000008c800000, 0x000000008c800000|100%| E|CS|TAMS 0x000000008c700000, 0x000000008c700000| Complete 
| 200|0x000000008c800000, 0x000000008c900000, 0x000000008c900000|100%| E|CS|TAMS 0x000000008c800000, 0x000000008c800000| Complete 
| 201|0x000000008c900000, 0x000000008ca00000, 0x000000008ca00000|100%| E|CS|TAMS 0x000000008c900000, 0x000000008c900000| Complete 
| 202|0x000000008ca00000, 0x000000008cb00000, 0x000000008cb00000|100%| E|CS|TAMS 0x000000008ca00000, 0x000000008ca00000| Complete 
| 203|0x000000008cb00000, 0x000000008cc00000, 0x000000008cc00000|100%| E|CS|TAMS 0x000000008cb00000, 0x000000008cb00000| Complete 
| 204|0x000000008cc00000, 0x000000008cd00000, 0x000000008cd00000|100%| E|CS|TAMS 0x000000008cc00000, 0x000000008cc00000| Complete 
| 205|0x000000008cd00000, 0x000000008ce00000, 0x000000008ce00000|100%| E|CS|TAMS 0x000000008cd00000, 0x000000008cd00000| Complete 
| 206|0x000000008ce00000, 0x000000008cf00000, 0x000000008cf00000|100%| E|CS|TAMS 0x000000008ce00000, 0x000000008ce00000| Complete 
| 207|0x000000008cf00000, 0x000000008d000000, 0x000000008d000000|100%| E|CS|TAMS 0x000000008cf00000, 0x000000008cf00000| Complete 

Card table byte_map: [0x000001a3cf170000,0x000001a3cf570000] _byte_map_base: 0x000001a3ced70000

Marking Bits (Prev, Next): (CMBitMap*) 0x000001a3bbf48648, (CMBitMap*) 0x000001a3bbf48680
 Prev Bits: [0x000001a3cf970000, 0x000001a3d1970000)
 Next Bits: [0x000001a3d1970000, 0x000001a3d3970000)

Polling page: 0x000001a3bb6e0000

Metaspace:

Usage:
  Non-class:    102.62 MB capacity,   100.46 MB ( 98%) used,     1.75 MB (  2%) free+waste,   417.00 KB ( <1%) overhead. 
      Class:     16.41 MB capacity,    15.06 MB ( 92%) used,     1.16 MB (  7%) free+waste,   193.62 KB (  1%) overhead. 
       Both:    119.04 MB capacity,   115.53 MB ( 97%) used,     2.91 MB (  2%) free+waste,   610.62 KB ( <1%) overhead. 

Virtual space:
  Non-class space:      104.00 MB reserved,     102.85 MB ( 99%) committed 
      Class space:        1.00 GB reserved,      16.45 MB (  2%) committed 
             Both:        1.10 GB reserved,     119.30 MB ( 11%) committed 

Chunk freelists:
   Non-Class:  37.00 KB
       Class:  0 bytes
        Both:  37.00 KB

MaxMetaspaceSize: 17179869184.00 GB
CompressedClassSpaceSize: 1.00 GB
Initial GC threshold: 20.80 MB
Current GC threshold: 176.54 MB
CDS: off

CodeHeap 'non-profiled nmethods': size=120000Kb used=6023Kb max_used=6023Kb free=113976Kb
 bounds [0x000001a3c7500000, 0x000001a3c7af0000, 0x000001a3cea30000]
CodeHeap 'profiled nmethods': size=120000Kb used=25370Kb max_used=25370Kb free=94629Kb
 bounds [0x000001a3bffd0000, 0x000001a3c18a0000, 0x000001a3c7500000]
CodeHeap 'non-nmethods': size=5760Kb used=2452Kb max_used=2484Kb free=3307Kb
 bounds [0x000001a3bfa30000, 0x000001a3bfca0000, 0x000001a3bffd0000]
 total_blobs=14097 nmethods=13106 adapters=903
 compilation: enabled
              stopped_count=0, restarted_count=0
 full_count=0

Compilation events (20 events):
Event: 49.857 Thread 0x000001a3d63ce000 13618       3       com.android.tools.r8.internal.mN::d (16 bytes)
Event: 49.857 Thread 0x000001a3d63ce000 nmethod 13618 0x000001a3c1891d10 code [0x000001a3c1891ec0, 0x000001a3c18920c8]
Event: 49.860 Thread 0x000001a3d63ce000 13619       3       com.android.tools.r8.internal.VT::hasNext (14 bytes)
Event: 49.860 Thread 0x000001a3d63ce000 nmethod 13619 0x000001a3c1892190 code [0x000001a3c1892340, 0x000001a3c1892498]
Event: 49.861 Thread 0x000001a3d63ce000 13620       3       com.android.tools.r8.graph.g1::hashCode (8 bytes)
Event: 49.861 Thread 0x000001a3d63ce000 nmethod 13620 0x000001a3c1892510 code [0x000001a3c18926c0, 0x000001a3c18927e8]
Event: 49.866 Thread 0x000001a3d63cd000 nmethod 13604 0x000001a3c7ade790 code [0x000001a3c7adea40, 0x000001a3c7adfde8]
Event: 49.866 Thread 0x000001a3d63cd000 13607       4       jdk.internal.org.objectweb.asm.MethodWriter::visitInsn (114 bytes)
Event: 49.883 Thread 0x000001a3d63ce000 13622       3       org.gradle.internal.snapshot.SingletonChildMap::<init> (14 bytes)
Event: 49.884 Thread 0x000001a3d63ce000 nmethod 13622 0x000001a3c1892890 code [0x000001a3c1892a60, 0x000001a3c1892e38]
Event: 49.886 Thread 0x000001a3d63cd000 nmethod 13607 0x000001a3c7ae0d90 code [0x000001a3c7ae0f80, 0x000001a3c7ae1718]
Event: 49.886 Thread 0x000001a3d63cd000 13615       4       com.android.tools.r8.internal.ao::a (10 bytes)
Event: 49.887 Thread 0x000001a3d63cd000 nmethod 13615 0x000001a3c7ae1b10 code [0x000001a3c7ae1ca0, 0x000001a3c7ae1cf8]
Event: 49.887 Thread 0x000001a3d63cd000 13606       4       sun.invoke.util.VerifyAccess::isClassAccessible (182 bytes)
Event: 49.887 Thread 0x000001a3d63ce000 13623       3       java.nio.file.Files::newDirectoryStream (12 bytes)
Event: 49.887 Thread 0x000001a3d63ce000 nmethod 13623 0x000001a3c1892f90 code [0x000001a3c1893180, 0x000001a3c1893508]
Event: 49.890 Thread 0x000001a3d63ce000 13625       3       java.nio.file.FileTreeWalker$DirectoryNode::<init> (30 bytes)
Event: 49.890 Thread 0x000001a3d63ce000 nmethod 13625 0x000001a3c1893690 code [0x000001a3c1893860, 0x000001a3c1893c08]
Event: 49.890 Thread 0x000001a3d63ce000 13627   !   3       java.nio.file.FileTreeWalker::visit (204 bytes)
Event: 49.892 Thread 0x000001a3d63ce000 nmethod 13627 0x000001a3c1893d10 code [0x000001a3c18940e0, 0x000001a3c1895f98]

GC Heap History (20 events):
Event: 34.367 GC heap before
{Heap before GC invocations=33 (full 0):
 garbage-first heap   total 177152K, used 132896K [0x0000000080000000, 0x0000000100000000)
  region size 1024K, 32 young (32768K), 3 survivors (3072K)
 Metaspace       used 92341K, capacity 94862K, committed 95024K, reserved 1132544K
  class space    used 11954K, capacity 12925K, committed 13004K, reserved 1048576K
}
Event: 34.376 GC heap after
{Heap after GC invocations=34 (full 0):
 garbage-first heap   total 177152K, used 106220K [0x0000000080000000, 0x0000000100000000)
  region size 1024K, 2 young (2048K), 2 survivors (2048K)
 Metaspace       used 92341K, capacity 94862K, committed 95024K, reserved 1132544K
  class space    used 11954K, capacity 12925K, committed 13004K, reserved 1048576K
}
Event: 35.012 GC heap before
{Heap before GC invocations=35 (full 0):
 garbage-first heap   total 177152K, used 124652K [0x0000000080000000, 0x0000000100000000)
  region size 1024K, 32 young (32768K), 2 survivors (2048K)
 Metaspace       used 92945K, capacity 95476K, committed 95664K, reserved 1132544K
  class space    used 12022K, capacity 13041K, committed 13132K, reserved 1048576K
}
Event: 35.021 GC heap after
{Heap after GC invocations=36 (full 0):
 garbage-first heap   total 177152K, used 98687K [0x0000000080000000, 0x0000000100000000)
  region size 1024K, 4 young (4096K), 4 survivors (4096K)
 Metaspace       used 92945K, capacity 95476K, committed 95664K, reserved 1132544K
  class space    used 12022K, capacity 13041K, committed 13132K, reserved 1048576K
}
Event: 35.217 GC heap before
{Heap before GC invocations=36 (full 0):
 garbage-first heap   total 177152K, used 101759K [0x0000000080000000, 0x0000000100000000)
  region size 1024K, 8 young (8192K), 4 survivors (4096K)
 Metaspace       used 93592K, capacity 96103K, committed 96176K, reserved 1132544K
  class space    used 12099K, capacity 13100K, committed 13132K, reserved 1048576K
}
Event: 35.228 GC heap after
{Heap after GC invocations=37 (full 0):
 garbage-first heap   total 177152K, used 92808K [0x0000000080000000, 0x0000000100000000)
  region size 1024K, 1 young (1024K), 1 survivors (1024K)
 Metaspace       used 93592K, capacity 96103K, committed 96176K, reserved 1132544K
  class space    used 12099K, capacity 13100K, committed 13132K, reserved 1048576K
}
Event: 35.725 GC heap before
{Heap before GC invocations=37 (full 0):
 garbage-first heap   total 177152K, used 127624K [0x0000000080000000, 0x0000000100000000)
  region size 1024K, 36 young (36864K), 1 survivors (1024K)
 Metaspace       used 94222K, capacity 96826K, committed 97072K, reserved 1132544K
  class space    used 12159K, capacity 13185K, committed 13260K, reserved 1048576K
}
Event: 35.733 GC heap after
{Heap after GC invocations=38 (full 0):
 garbage-first heap   total 177152K, used 94596K [0x0000000080000000, 0x0000000100000000)
  region size 1024K, 3 young (3072K), 3 survivors (3072K)
 Metaspace       used 94222K, capacity 96826K, committed 97072K, reserved 1132544K
  class space    used 12159K, capacity 13185K, committed 13260K, reserved 1048576K
}
Event: 36.116 GC heap before
{Heap before GC invocations=39 (full 0):
 garbage-first heap   total 177152K, used 131460K [0x0000000080000000, 0x0000000100000000)
  region size 1024K, 40 young (40960K), 3 survivors (3072K)
 Metaspace       used 95018K, capacity 97608K, committed 97712K, reserved 1134592K
  class space    used 12267K, capacity 13314K, committed 13388K, reserved 1048576K
}
Event: 36.126 GC heap after
{Heap after GC invocations=40 (full 0):
 garbage-first heap   total 177152K, used 96311K [0x0000000080000000, 0x0000000100000000)
  region size 1024K, 5 young (5120K), 5 survivors (5120K)
 Metaspace       used 95018K, capacity 97608K, committed 97712K, reserved 1134592K
  class space    used 12267K, capacity 13314K, committed 13388K, reserved 1048576K
}
Event: 36.158 GC heap before
{Heap before GC invocations=40 (full 0):
 garbage-first heap   total 177152K, used 98359K [0x0000000080000000, 0x0000000100000000)
  region size 1024K, 8 young (8192K), 5 survivors (5120K)
 Metaspace       used 95065K, capacity 97672K, committed 97968K, reserved 1134592K
  class space    used 12272K, capacity 13314K, committed 13388K, reserved 1048576K
}
Event: 36.167 GC heap after
{Heap after GC invocations=41 (full 0):
 garbage-first heap   total 212992K, used 95252K [0x0000000080000000, 0x0000000100000000)
  region size 1024K, 1 young (1024K), 1 survivors (1024K)
 Metaspace       used 95065K, capacity 97672K, committed 97968K, reserved 1134592K
  class space    used 12272K, capacity 13314K, committed 13388K, reserved 1048576K
}
Event: 36.842 GC heap before
{Heap before GC invocations=41 (full 0):
 garbage-first heap   total 212992K, used 148500K [0x0000000080000000, 0x0000000100000000)
  region size 1024K, 54 young (55296K), 1 survivors (1024K)
 Metaspace       used 96868K, capacity 99452K, committed 99760K, reserved 1136640K
  class space    used 12505K, capacity 13542K, committed 13644K, reserved 1048576K
}
Event: 36.847 GC heap after
{Heap after GC invocations=42 (full 0):
 garbage-first heap   total 212992K, used 96672K [0x0000000080000000, 0x0000000100000000)
  region size 1024K, 3 young (3072K), 3 survivors (3072K)
 Metaspace       used 96868K, capacity 99452K, committed 99760K, reserved 1136640K
  class space    used 12505K, capacity 13542K, committed 13644K, reserved 1048576K
}
Event: 43.662 GC heap before
{Heap before GC invocations=42 (full 0):
 garbage-first heap   total 212992K, used 152992K [0x0000000080000000, 0x0000000100000000)
  region size 1024K, 59 young (60416K), 3 survivors (3072K)
 Metaspace       used 98679K, capacity 101355K, committed 101424K, reserved 1136640K
  class space    used 12687K, capacity 13728K, committed 13772K, reserved 1048576K
}
Event: 43.671 GC heap after
{Heap after GC invocations=43 (full 0):
 garbage-first heap   total 212992K, used 99438K [0x0000000080000000, 0x0000000100000000)
  region size 1024K, 5 young (5120K), 5 survivors (5120K)
 Metaspace       used 98679K, capacity 101355K, committed 101424K, reserved 1136640K
  class space    used 12687K, capacity 13728K, committed 13772K, reserved 1048576K
}
Event: 45.552 GC heap before
{Heap before GC invocations=43 (full 0):
 garbage-first heap   total 212992K, used 149614K [0x0000000080000000, 0x0000000100000000)
  region size 1024K, 56 young (57344K), 5 survivors (5120K)
 Metaspace       used 105225K, capacity 108147K, committed 108208K, reserved 1142784K
  class space    used 13528K, capacity 14608K, committed 14668K, reserved 1048576K
}
Event: 45.596 GC heap after
{Heap after GC invocations=44 (full 0):
 garbage-first heap   total 212992K, used 104502K [0x0000000080000000, 0x0000000100000000)
  region size 1024K, 8 young (8192K), 8 survivors (8192K)
 Metaspace       used 105225K, capacity 108147K, committed 108208K, reserved 1142784K
  class space    used 13528K, capacity 14608K, committed 14668K, reserved 1048576K
}
Event: 48.661 GC heap before
{Heap before GC invocations=45 (full 0):
 garbage-first heap   total 212992K, used 162870K [0x0000000080000000, 0x0000000100000000)
  region size 1024K, 64 young (65536K), 8 survivors (8192K)
 Metaspace       used 112225K, capacity 115373K, committed 115632K, reserved 1148928K
  class space    used 14467K, capacity 15668K, committed 15692K, reserved 1048576K
}
Event: 48.679 GC heap after
{Heap after GC invocations=46 (full 0):
 garbage-first heap   total 212992K, used 108326K [0x0000000080000000, 0x0000000100000000)
  region size 1024K, 4 young (4096K), 4 survivors (4096K)
 Metaspace       used 112225K, capacity 115373K, committed 115632K, reserved 1148928K
  class space    used 14467K, capacity 15668K, committed 15692K, reserved 1048576K
}

Deoptimization events (20 events):
Event: 49.462 Thread 0x000001a3d7ef3000 Uncommon trap: trap_request=0xffffffc6 fr.pc=0x000001a3c78e5870 relative=0x0000000000000230
Event: 49.463 Thread 0x000001a3d7ef3000 Uncommon trap: reason=bimorphic_or_optimized_type_check action=maybe_recompile pc=0x000001a3c78e5870 method=java.util.stream.StreamOpFlag.fromCharacteristics(Ljava/util/Spliterator;)I @ 14 c2
Event: 49.463 Thread 0x000001a3d7ef3000 DEOPT PACKING pc=0x000001a3c78e5870 sp=0x0000001830efc8a0
Event: 49.463 Thread 0x000001a3d7ef3000 DEOPT UNPACKING pc=0x000001a3bfa7a1af sp=0x0000001830efc788 mode 2
Event: 49.510 Thread 0x000001a3d7ef3000 Uncommon trap: trap_request=0xffffffc6 fr.pc=0x000001a3c78e5870 relative=0x0000000000000230
Event: 49.510 Thread 0x000001a3d7ef3000 Uncommon trap: reason=bimorphic_or_optimized_type_check action=maybe_recompile pc=0x000001a3c78e5870 method=java.util.stream.StreamOpFlag.fromCharacteristics(Ljava/util/Spliterator;)I @ 14 c2
Event: 49.510 Thread 0x000001a3d7ef3000 DEOPT PACKING pc=0x000001a3c78e5870 sp=0x0000001830efc8a0
Event: 49.510 Thread 0x000001a3d7ef3000 DEOPT UNPACKING pc=0x000001a3bfa7a1af sp=0x0000001830efc788 mode 2
Event: 49.563 Thread 0x000001a3d7ef3000 Uncommon trap: trap_request=0xffffffc6 fr.pc=0x000001a3c78e5870 relative=0x0000000000000230
Event: 49.563 Thread 0x000001a3d7ef3000 Uncommon trap: reason=bimorphic_or_optimized_type_check action=maybe_recompile pc=0x000001a3c78e5870 method=java.util.stream.StreamOpFlag.fromCharacteristics(Ljava/util/Spliterator;)I @ 14 c2
Event: 49.563 Thread 0x000001a3d7ef3000 DEOPT PACKING pc=0x000001a3c78e5870 sp=0x0000001830efc8a0
Event: 49.563 Thread 0x000001a3d7ef3000 DEOPT UNPACKING pc=0x000001a3bfa7a1af sp=0x0000001830efc788 mode 2
Event: 49.638 Thread 0x000001a3dac0c800 Uncommon trap: trap_request=0xffffffde fr.pc=0x000001a3c7a4d144 relative=0x0000000000000184
Event: 49.638 Thread 0x000001a3dac0c800 Uncommon trap: reason=class_check action=maybe_recompile pc=0x000001a3c7a4d144 method=java.util.concurrent.locks.ReentrantReadWriteLock$Sync.tryAcquireShared(I)I @ 33 c2
Event: 49.638 Thread 0x000001a3dac0c800 DEOPT PACKING pc=0x000001a3c7a4d144 sp=0x00000018300feaf0
Event: 49.638 Thread 0x000001a3dac0c800 DEOPT UNPACKING pc=0x000001a3bfa7a1af sp=0x00000018300fea90 mode 2
Event: 49.639 Thread 0x000001a3dac0c800 Uncommon trap: trap_request=0xffffffde fr.pc=0x000001a3c7a4d144 relative=0x0000000000000184
Event: 49.639 Thread 0x000001a3dac0c800 Uncommon trap: reason=class_check action=maybe_recompile pc=0x000001a3c7a4d144 method=java.util.concurrent.locks.ReentrantReadWriteLock$Sync.tryAcquireShared(I)I @ 33 c2
Event: 49.639 Thread 0x000001a3dac0c800 DEOPT PACKING pc=0x000001a3c7a4d144 sp=0x00000018300feaf0
Event: 49.639 Thread 0x000001a3dac0c800 DEOPT UNPACKING pc=0x000001a3bfa7a1af sp=0x00000018300fea90 mode 2

Classes redefined (0 events):
No events

Internal exceptions (20 events):
Event: 47.093 Thread 0x000001a3dac11800 Exception <a 'sun/nio/fs/WindowsException'{0x000000008b936490}> (0x000000008b936490) thrown at [src/hotspot/share/prims/jni.cpp, line 617]
Event: 47.212 Thread 0x000001a3dac11800 Exception <a 'sun/nio/fs/WindowsException'{0x000000008b744930}> (0x000000008b744930) thrown at [src/hotspot/share/prims/jni.cpp, line 617]
Event: 47.436 Thread 0x000001a3dac11800 Implicit null exception at 0x000001a3c782b7fc to 0x000001a3c782b885
Event: 47.529 Thread 0x000001a3da21e800 Exception <a 'java/lang/NoSuchMethodError'{0x000000008b2da168}: <clinit>> (0x000000008b2da168) thrown at [src/hotspot/share/prims/jni.cpp, line 1367]
Event: 47.700 Thread 0x000001a3dac11000 Exception <a 'java/lang/NoSuchMethodError'{0x000000008aec6318}: <clinit>> (0x000000008aec6318) thrown at [src/hotspot/share/prims/jni.cpp, line 1367]
Event: 47.879 Thread 0x000001a3d7ef3000 Exception <a 'sun/nio/fs/WindowsException'{0x000000008a7d0238}> (0x000000008a7d0238) thrown at [src/hotspot/share/prims/jni.cpp, line 617]
Event: 47.991 Thread 0x000001a3d7ef3000 Exception <a 'java/lang/NoSuchMethodError'{0x000000008a576348}: 'java.lang.Object java.lang.invoke.DirectMethodHandle$Holder.newInvokeSpecial(java.lang.Object, int)'> (0x000000008a576348) thrown at [src/hotspot/share/interpreter/linkResolver.cpp, line 773]
Event: 48.225 Thread 0x000001a3d7ef3000 Exception <a 'java/lang/NoSuchMethodError'{0x000000008a078620}: 'java.lang.Object java.lang.invoke.DirectMethodHandle$Holder.invokeStaticInit(java.lang.Object, java.lang.Object, java.lang.Object, java.lang.Object, java.lang.Object, java.lang.Object, java.lang.Object, java.lang.Object, java.lang.Object, java.lang.Object, java.lang.Object, java.lang.Object, java.lang.Object, java.lang.Object, java.lang.Object, java.lang.Object, java.lang.Object, java.lang.Object, java.lang.Object, int, java.lang.Object, java
Event: 48.276 Thread 0x000001a3d7ef3000 Exception <a 'java/lang/IncompatibleClassChangeError'{0x0000000089f86980}: Found class java.lang.Object, but interface was expected> (0x0000000089f86980) thrown at [src/hotspot/share/interpreter/linkResolver.cpp, line 839]
Event: 48.595 Thread 0x000001a3d7ef3000 Exception <a 'java/lang/NoSuchMethodError'{0x0000000089185430}: 'void java.lang.invoke.DirectMethodHandle$Holder.invokeStatic(java.lang.Object, java.lang.Object, java.lang.Object, int)'> (0x0000000089185430) thrown at [src/hotspot/share/interpreter/linkResolver.cpp, line 773]
Event: 48.604 Thread 0x000001a3d7ef3000 Exception <a 'java/lang/IncompatibleClassChangeError'{0x000000008918db10}: Found class java.lang.Object, but interface was expected> (0x000000008918db10) thrown at [src/hotspot/share/interpreter/linkResolver.cpp, line 839]
Event: 48.787 Thread 0x000001a3d7ef3000 Exception <a 'java/lang/NoSuchMethodError'{0x000000008cd2a2b8}: 'java.lang.Object java.lang.invoke.DirectMethodHandle$Holder.invokeStatic(java.lang.Object, int, java.lang.Object, java.lang.Object)'> (0x000000008cd2a2b8) thrown at [src/hotspot/share/interpreter/linkResolver.cpp, line 773]
Event: 49.114 Thread 0x000001a3d7ef3000 Exception <a 'java/lang/IncompatibleClassChangeError'{0x000000008c7221d0}: Found class java.lang.Object, but interface was expected> (0x000000008c7221d0) thrown at [src/hotspot/share/interpreter/linkResolver.cpp, line 839]
Event: 49.117 Thread 0x000001a3d7ef3000 Exception <a 'java/lang/IncompatibleClassChangeError'{0x000000008c72b608}: Found class java.lang.Object, but interface was expected> (0x000000008c72b608) thrown at [src/hotspot/share/interpreter/linkResolver.cpp, line 839]
Event: 49.300 Thread 0x000001a3d7ef3000 Exception <a 'java/lang/NoSuchMethodError'{0x000000008c5f6520}: 'void java.lang.invoke.DirectMethodHandle$Holder.invokeSpecial(java.lang.Object, java.lang.Object, int, java.lang.Object)'> (0x000000008c5f6520) thrown at [src/hotspot/share/interpreter/linkResolver.cpp, line 773]
Event: 49.412 Thread 0x000001a3d7ef3000 Exception <a 'java/lang/NoSuchMethodError'{0x000000008c266f98}: 'int java.lang.invoke.DirectMethodHandle$Holder.invokeSpecial(java.lang.Object, java.lang.Object, java.lang.Object, int, java.lang.Object)'> (0x000000008c266f98) thrown at [src/hotspot/share/interpreter/linkResolver.cpp, line 773]
Event: 49.653 Thread 0x000001a3d7ef3000 Exception <a 'java/lang/NoSuchMethodError'{0x000000008be51520}: 'java.lang.Object java.lang.invoke.Invokers$Holder.linkToTargetMethod(java.lang.Object, int, java.lang.Object, java.lang.Object, java.lang.Object, java.lang.Object)'> (0x000000008be51520) thrown at [src/hotspot/share/interpreter/linkResolver.cpp, line 773]
Event: 49.658 Thread 0x000001a3d7ef3000 Exception <a 'java/lang/NoSuchMethodError'{0x000000008be70780}: 'void java.lang.invoke.DirectMethodHandle$Holder.invokeStatic(java.lang.Object, java.lang.Object, java.lang.Object, java.lang.Object, java.lang.Object, java.lang.Object, java.lang.Object, java.lang.Object)'> (0x000000008be70780) thrown at [src/hotspot/share/interpreter/linkResolver.cpp, line 773]
Event: 49.835 Thread 0x000001a3d7ef3000 Exception <a 'java/lang/NoSuchMethodError'{0x000000008ba527f0}: 'void java.lang.invoke.DirectMethodHandle$Holder.invokeSpecial(java.lang.Object, java.lang.Object, int)'> (0x000000008ba527f0) thrown at [src/hotspot/share/interpreter/linkResolver.cpp, line 773]
Event: 49.873 Thread 0x000001a3d7ef3000 Exception <a 'sun/nio/fs/WindowsException'{0x000000008badb9f8}> (0x000000008badb9f8) thrown at [src/hotspot/share/prims/jni.cpp, line 617]

Events (20 events):
Event: 49.862 loading class com/android/tools/r8/internal/Fl
Event: 49.862 loading class com/android/tools/r8/internal/Fl done
Event: 49.862 loading class com/android/tools/r8/graph/V0
Event: 49.862 loading class com/android/tools/r8/graph/V0 done
Event: 49.862 loading class com/android/tools/r8/graph/V0
Event: 49.862 loading class com/android/tools/r8/graph/V0 done
Event: 49.862 loading class com/android/tools/r8/internal/Fl
Event: 49.862 loading class com/android/tools/r8/internal/Fl done
Event: 49.863 loading class com/android/tools/r8/internal/we
Event: 49.863 loading class com/android/tools/r8/internal/we done
Event: 49.864 loading class java/util/zip/Adler32
Event: 49.866 loading class java/util/zip/Adler32 done
Event: 49.871 loading class com/android/tools/r8/ByteDataView
Event: 49.871 loading class com/android/tools/r8/ByteDataView done
Event: 49.875 loading class com/android/tools/r8/internal/jc
Event: 49.875 loading class com/android/tools/r8/internal/jc done
Event: 49.876 loading class com/android/tools/r8/internal/ic
Event: 49.876 loading class com/android/tools/r8/internal/ic done
Event: 49.876 loading class com/android/tools/r8/internal/hc
Event: 49.876 loading class com/android/tools/r8/internal/hc done


Dynamic libraries:
0x00007ff7a7790000 - 0x00007ff7a779a000 	C:\Program Files\Android\Android Studio\jbr\bin\java.exe
0x00007ffe61c90000 - 0x00007ffe61e88000 	C:\Windows\SYSTEM32\ntdll.dll
0x00007ffe61830000 - 0x00007ffe618ef000 	C:\Windows\System32\KERNEL32.DLL
0x00007ffe5f440000 - 0x00007ffe5f712000 	C:\Windows\System32\KERNELBASE.dll
0x00007ffe5f840000 - 0x00007ffe5f940000 	C:\Windows\System32\ucrtbase.dll
0x00007ffe49b20000 - 0x00007ffe49b3b000 	C:\Program Files\Android\Android Studio\jbr\bin\VCRUNTIME140.dll
0x00007ffe49b40000 - 0x00007ffe49b57000 	C:\Program Files\Android\Android Studio\jbr\bin\jli.dll
0x00007ffe60b90000 - 0x00007ffe60d31000 	C:\Windows\System32\USER32.dll
0x00007ffe5fba0000 - 0x00007ffe5fbc2000 	C:\Windows\System32\win32u.dll
0x00007ffe5e760000 - 0x00007ffe5e9fa000 	C:\Windows\WinSxS\amd64_microsoft.windows.common-controls_6595b64144ccf1df_6.0.19041.1110_none_60b5254171f9507e\COMCTL32.dll
0x00007ffe61bc0000 - 0x00007ffe61beb000 	C:\Windows\System32\GDI32.dll
0x00007ffe619a0000 - 0x00007ffe61a3e000 	C:\Windows\System32\msvcrt.dll
0x00007ffe5fbd0000 - 0x00007ffe5fcdf000 	C:\Windows\System32\gdi32full.dll
0x00007ffe5f7a0000 - 0x00007ffe5f83d000 	C:\Windows\System32\msvcp_win.dll
0x00007ffe61970000 - 0x00007ffe619a0000 	C:\Windows\System32\IMM32.DLL
0x00007ffe59760000 - 0x00007ffe5976c000 	C:\Program Files\Android\Android Studio\jbr\bin\vcruntime140_1.dll
0x00007ffe483c0000 - 0x00007ffe4844d000 	C:\Program Files\Android\Android Studio\jbr\bin\msvcp140.dll
0x00007ffde9c20000 - 0x00007ffdea7dc000 	C:\Program Files\Android\Android Studio\jbr\bin\server\jvm.dll
0x00007ffe603f0000 - 0x00007ffe6049e000 	C:\Windows\System32\ADVAPI32.dll
0x00007ffe60d40000 - 0x00007ffe60ddc000 	C:\Windows\System32\sechost.dll
0x00007ffe60a60000 - 0x00007ffe60b84000 	C:\Windows\System32\RPCRT4.dll
0x00007ffe60f80000 - 0x00007ffe60f88000 	C:\Windows\System32\PSAPI.DLL
0x00007ffe53a90000 - 0x00007ffe53ab7000 	C:\Windows\SYSTEM32\WINMM.dll
0x00007ffe57910000 - 0x00007ffe5791a000 	C:\Windows\SYSTEM32\VERSION.dll
0x00007ffe5ac80000 - 0x00007ffe5ac89000 	C:\Windows\SYSTEM32\WSOCK32.dll
0x00007ffe61070000 - 0x00007ffe610db000 	C:\Windows\System32\WS2_32.dll
0x00007ffe5cbe0000 - 0x00007ffe5cbf2000 	C:\Windows\SYSTEM32\kernel.appcore.dll
0x00007ffe5ac70000 - 0x00007ffe5ac80000 	C:\Program Files\Android\Android Studio\jbr\bin\verify.dll
0x00007ffe5edc0000 - 0x00007ffe5efa4000 	C:\Windows\SYSTEM32\DBGHELP.DLL
0x00007ffe5eb60000 - 0x00007ffe5eb95000 	C:\Windows\SYSTEM32\dbgcore.DLL
0x00007ffe5fb10000 - 0x00007ffe5fb92000 	C:\Windows\System32\bcryptPrimitives.dll
0x00007ffe5ac40000 - 0x00007ffe5ac68000 	C:\Program Files\Android\Android Studio\jbr\bin\java.dll
0x00007ffe585d0000 - 0x00007ffe585da000 	C:\Program Files\Android\Android Studio\jbr\bin\jimage.dll
0x00007ffe58000000 - 0x00007ffe58018000 	C:\Program Files\Android\Android Studio\jbr\bin\zip.dll
0x00007ffe610e0000 - 0x00007ffe61825000 	C:\Windows\System32\SHELL32.dll
0x00007ffe5cde0000 - 0x00007ffe5d572000 	C:\Windows\SYSTEM32\windows.storage.dll
0x00007ffe60560000 - 0x00007ffe608b5000 	C:\Windows\System32\combase.dll
0x00007ffe5e6f0000 - 0x00007ffe5e720000 	C:\Windows\SYSTEM32\Wldp.dll
0x00007ffe604a0000 - 0x00007ffe6054d000 	C:\Windows\System32\SHCORE.dll
0x00007ffe5fe90000 - 0x00007ffe5fee5000 	C:\Windows\System32\shlwapi.dll
0x00007ffe5f2d0000 - 0x00007ffe5f2ef000 	C:\Windows\SYSTEM32\profapi.dll
0x00007ffe447c0000 - 0x00007ffe447d9000 	C:\Program Files\Android\Android Studio\jbr\bin\net.dll
0x00007ffe55410000 - 0x00007ffe5551a000 	C:\Windows\SYSTEM32\WINHTTP.dll
0x00007ffe5e580000 - 0x00007ffe5e5ea000 	C:\Windows\system32\mswsock.dll
0x00007ffe3d050000 - 0x00007ffe3d063000 	C:\Program Files\Android\Android Studio\jbr\bin\nio.dll
0x00007ffe53d90000 - 0x00007ffe53db7000 	C:\Users\asus\.gradle\native\e1d6ef7f7dcc3fd88c89a11ec53ec762bb8ba0a96d01ffa2cd45eb1d1d8dd5c5\windows-amd64\native-platform.dll
0x00007ffe47a90000 - 0x00007ffe47bd4000 	C:\Users\asus\.gradle\native\0d407fdbe67a94daf76414ababcb853783967236a71b16ec16e742cd7a986fd3\windows-amd64\native-platform-file-events.dll
0x00007ffe585c0000 - 0x00007ffe585ca000 	C:\Program Files\Android\Android Studio\jbr\bin\management.dll
0x00007ffe447b0000 - 0x00007ffe447bb000 	C:\Program Files\Android\Android Studio\jbr\bin\management_ext.dll
0x00007ffe5f120000 - 0x00007ffe5f138000 	C:\Windows\SYSTEM32\CRYPTSP.dll
0x00007ffe5ddc0000 - 0x00007ffe5ddf4000 	C:\Windows\system32\rsaenh.dll
0x00007ffe5f770000 - 0x00007ffe5f797000 	C:\Windows\System32\bcrypt.dll
0x00007ffe5f250000 - 0x00007ffe5f27e000 	C:\Windows\SYSTEM32\USERENV.dll
0x00007ffe5e520000 - 0x00007ffe5e52c000 	C:\Windows\SYSTEM32\CRYPTBASE.dll
0x00007ffe5e130000 - 0x00007ffe5e16b000 	C:\Windows\SYSTEM32\IPHLPAPI.DLL
0x00007ffe60550000 - 0x00007ffe60558000 	C:\Windows\System32\NSI.dll
0x00007ffe578f0000 - 0x00007ffe57907000 	C:\Windows\SYSTEM32\dhcpcsvc6.DLL
0x00007ffe56300000 - 0x00007ffe5631d000 	C:\Windows\SYSTEM32\dhcpcsvc.DLL
0x00007ffe5e170000 - 0x00007ffe5e23b000 	C:\Windows\SYSTEM32\DNSAPI.dll
0x00007ffe5f000000 - 0x00007ffe5f033000 	C:\Windows\SYSTEM32\ntmarta.dll

dbghelp: loaded successfully - version: 4.0.5 - missing functions: none
symbol engine: initialized successfully - sym options: 0x614 - pdb path: .;C:\Program Files\Android\Android Studio\jbr\bin;C:\Windows\SYSTEM32;C:\Windows\WinSxS\amd64_microsoft.windows.common-controls_6595b64144ccf1df_6.0.19041.1110_none_60b5254171f9507e;C:\Program Files\Android\Android Studio\jbr\bin\server;C:\Users\asus\.gradle\native\e1d6ef7f7dcc3fd88c89a11ec53ec762bb8ba0a96d01ffa2cd45eb1d1d8dd5c5\windows-amd64;C:\Users\asus\.gradle\native\0d407fdbe67a94daf76414ababcb853783967236a71b16ec16e742cd7a986fd3\windows-amd64

VM Arguments:
jvm_args: --add-opens=java.base/java.util=ALL-UNNAMED --add-opens=java.base/java.lang=ALL-UNNAMED --add-opens=java.base/java.lang.invoke=ALL-UNNAMED --add-opens=java.base/java.util=ALL-UNNAMED --add-opens=java.prefs/java.util.prefs=ALL-UNNAMED --add-opens=java.prefs/java.util.prefs=ALL-UNNAMED --add-opens=java.base/java.nio.charset=ALL-UNNAMED --add-opens=java.base/java.net=ALL-UNNAMED --add-opens=java.base/java.util.concurrent.atomic=ALL-UNNAMED -Xmx2048m -Dfile.encoding=UTF-8 -Duser.country=US -Duser.language=en -Duser.variant 
java_command: org.gradle.launcher.daemon.bootstrap.GradleDaemon 7.5
java_class_path (initial): C:\Users\asus\.gradle\wrapper\dists\gradle-7.5-bin\f1w0cc9nuo0eivz97x2xlu9sv\gradle-7.5\lib\gradle-launcher-7.5.jar
Launcher Type: SUN_STANDARD

[Global flags]
     intx CICompilerCount                          = 4                                         {product} {ergonomic}
     uint ConcGCThreads                            = 2                                         {product} {ergonomic}
     uint G1ConcRefinementThreads                  = 8                                         {product} {ergonomic}
   size_t G1HeapRegionSize                         = 1048576                                   {product} {ergonomic}
    uintx GCDrainStackTargetSize                   = 64                                        {product} {ergonomic}
   size_t InitialHeapSize                          = 125829120                                 {product} {ergonomic}
   size_t MarkStackSize                            = 4194304                                   {product} {ergonomic}
   size_t MaxHeapSize                              = 2147483648                                {product} {command line}
   size_t MaxNewSize                               = 1287651328                                {product} {ergonomic}
   size_t MinHeapDeltaBytes                        = 1048576                                   {product} {ergonomic}
    uintx NonNMethodCodeHeapSize                   = 5836300                                {pd product} {ergonomic}
    uintx NonProfiledCodeHeapSize                  = 122910970                              {pd product} {ergonomic}
    uintx ProfiledCodeHeapSize                     = 122910970                              {pd product} {ergonomic}
    uintx ReservedCodeCacheSize                    = 251658240                              {pd product} {ergonomic}
     bool SegmentedCodeCache                       = true                                      {product} {ergonomic}
     bool UseCompressedClassPointers               = true                                 {lp64_product} {ergonomic}
     bool UseCompressedOops                        = true                                 {lp64_product} {ergonomic}
     bool UseG1GC                                  = true                                      {product} {ergonomic}
     bool UseLargePagesIndividualAllocation        = false                                  {pd product} {ergonomic}

Logging:
Log output configuration:
 #0: stdout all=warning uptime,level,tags
 #1: stderr all=off uptime,level,tags

Environment Variables:
PATH=C:\Program Files\Common Files\Oracle\Java\javapath;C:\Windows\system32;C:\Windows;C:\Windows\System32\Wbem;C:\Windows\System32\WindowsPowerShell\v1.0\;C:\Windows\System32\OpenSSH\;C:\Program Files (x86)\NVIDIA Corporation\PhysX\Common;C:\Program Files\Microsoft SQL Server\150\Tools\Binn\;C:\Program Files\Microsoft SQL Server\Client SDK\ODBC\170\Tools\Binn\;C:\Program Files (x86)\Microsoft SQL Server\160\Tools\Binn\;C:\Program Files\Microsoft SQL Server\160\Tools\Binn\;C:\Program Files\Microsoft SQL Server\160\DTS\Binn\;C:\Program Files\Git\cmd;C:\Program Files\Azure Data Studio\bin;C:\Program Files (x86)\Microsoft SQL Server\150\DTS\Binn\;C:\Program Files\dotnet\;C:\Users\asus\AppData\Local\Microsoft\WindowsApps;C:\Program Files\Azure Data Studio\bin;C:\Users\asus\AppData\Local\GitHubDesktop\bin;C:\Users\asus\.dotnet\tools;D:\User\Microsoft VS Code\bin;D:\User\flutter\bin;C:\Gradle\gradle-7.6\bin;
USERNAME=asus
OS=Windows_NT
PROCESSOR_IDENTIFIER=AMD64 Family 23 Model 24 Stepping 1, AuthenticAMD



---------------  S Y S T E M  ---------------

OS: Windows 10 , 64 bit Build 19041 (10.0.19041.2546)
OS uptime: 0 days 0:08 hours

CPU:total 8 (initial active 8) (8 cores per cpu, 2 threads per core) family 23 model 24 stepping 1 microcode 0x0, cmov, cx8, fxsr, mmx, sse, sse2, sse3, ssse3, sse4.1, sse4.2, popcnt, avx, avx2, aes, clmul, mmxext, 3dnowpref, lzcnt, sse4a, ht, tsc, tscinvbit, tscinv, bmi1, bmi2, adx, sha, fma

Memory: 4k page, system-wide physical 7617M (285M free)
TotalPageFile size 22977M (AvailPageFile size 10222M)
current process WorkingSet (physical memory assigned to process): 414M, peak: 414M
current process commit charge ("private bytes"): 540M, peak: 540M

vm_info: OpenJDK 64-Bit Server VM (11.0.15+0-b2043.56-9505619) for windows-amd64 JRE (11.0.15+0-b2043.56-9505619), built on Jan 19 2023 02:48:00 by "builduser" with unknown MS VC++:1929

END.
